{"contracts/BorToken/BattlefieldOfRenegades.sol":{"l":{"77":6,"78":6,"79":6,"80":6,"81":6,"83":6,"84":6,"85":6,"87":6,"89":6,"93":2,"94":2,"97":2,"98":2,"99":2,"102":2,"103":2,"104":2,"111":0,"115":0,"116":0,"117":0,"118":0,"125":0,"133":0,"134":0,"138":6,"139":6,"140":6,"141":6,"143":0,"148":0,"149":0,"151":0,"152":0,"157":0,"158":0,"159":0,"163":0,"164":0,"166":0,"167":0,"168":0,"169":0,"170":0,"175":6,"176":6,"177":6,"181":0,"182":0,"187":0,"191":0,"195":6,"200":6,"201":6,"202":6,"206":0,"210":0,"211":0,"212":0,"213":0,"217":0,"218":0,"219":0,"220":0,"224":0,"225":0,"226":0,"227":0,"231":0,"235":0,"236":0,"237":0,"241":0,"245":0,"249":0,"253":0,"257":0,"261":0,"279":0,"297":0,"301":0,"302":0,"306":0,"310":0,"314":0,"321":2,"330":1,"331":1,"332":1,"333":1,"334":1,"335":1,"344":1,"345":1,"346":1,"347":1,"348":1,"349":1,"353":0,"354":0,"355":0,"363":165,"364":165,"368":165,"375":33,"376":33,"383":165,"384":0,"387":165,"388":0,"389":0,"392":165,"393":165,"396":165,"398":165,"399":165,"400":165,"404":165,"406":165,"408":165,"409":95,"411":95,"412":92,"422":165,"423":47,"424":47,"425":27,"426":27,"428":14,"429":14,"432":47,"433":47,"435":165,"439":165,"441":165,"448":14,"450":14,"451":14,"453":14,"454":14,"455":14,"457":14,"458":14,"459":14,"462":14,"463":14,"464":14,"466":14,"467":14,"469":14,"470":14,"472":14,"477":14,"478":14,"479":14,"480":14,"484":14,"485":14,"486":14,"487":14,"492":14,"493":14,"499":14,"502":14,"505":14,"508":14,"510":14,"515":42,"516":42,"517":42,"519":42,"522":42,"533":14,"536":14,"547":14,"548":14,"549":14,"551":14,"552":14,"553":14,"559":14,"560":14,"561":14,"562":14,"564":14,"567":14},"path":"/Users/urbn/st/contracts/BorToken/BattlefieldOfRenegades.sol","s":{"1":6,"2":6,"3":6,"4":6,"5":6,"6":6,"7":6,"8":6,"9":6,"10":6,"11":2,"12":2,"13":2,"14":2,"15":2,"16":2,"17":2,"18":2,"19":0,"20":0,"21":0,"22":0,"23":0,"24":0,"25":0,"26":0,"27":6,"28":6,"29":6,"30":6,"31":0,"32":0,"33":0,"34":0,"35":0,"36":0,"37":0,"38":0,"39":0,"40":0,"41":0,"42":0,"43":0,"44":0,"45":0,"46":6,"47":6,"48":6,"49":0,"50":0,"51":0,"52":0,"53":6,"54":6,"55":6,"56":0,"57":6,"58":0,"59":0,"60":0,"61":0,"62":0,"63":0,"64":0,"65":0,"66":0,"67":0,"68":0,"69":0,"70":0,"71":0,"72":0,"73":0,"74":0,"75":0,"76":0,"77":0,"78":0,"79":0,"80":0,"81":0,"82":0,"83":0,"84":0,"85":0,"86":0,"87":0,"88":2,"89":1,"90":1,"91":1,"92":1,"93":1,"94":1,"95":1,"96":1,"97":1,"98":1,"99":1,"100":1,"101":0,"102":0,"103":0,"104":165,"105":165,"106":165,"107":33,"108":33,"109":165,"110":0,"111":165,"112":0,"113":0,"114":165,"115":165,"116":165,"117":165,"118":165,"119":165,"120":165,"121":165,"122":165,"123":95,"124":95,"125":92,"126":165,"127":47,"128":47,"129":27,"130":27,"131":20,"132":14,"133":14,"134":47,"135":47,"136":165,"137":165,"138":165,"139":14,"140":14,"141":14,"142":14,"143":14,"144":14,"145":14,"146":14,"147":14,"148":14,"149":14,"150":14,"151":14,"152":14,"153":14,"154":14,"155":14,"156":14,"157":14,"158":14,"159":14,"160":14,"161":14,"162":14,"163":14,"164":14,"165":14,"166":14,"167":14,"168":14,"169":14,"170":14,"171":14,"172":14,"173":14,"174":14,"175":42,"176":42,"177":42,"178":42,"179":42,"180":14,"181":14,"182":14,"183":14,"184":14,"185":14,"186":14,"187":14,"188":14,"189":14,"190":14,"191":14,"192":14,"193":14},"b":{"1":[2,0],"2":[0,0],"3":[0,0],"4":[6,0],"5":[0,0],"6":[0,0],"7":[0,0],"8":[0,0],"9":[6,0],"10":[0,0],"11":[6,0],"12":[0,6],"13":[0,0],"14":[0,0],"15":[0,0],"16":[0,0],"17":[0,0],"18":[1,0],"19":[1,0],"20":[0,0],"21":[0,0],"22":[165,0],"23":[165,0],"24":[33,132],"25":[33,0],"26":[0,165],"27":[0,0],"28":[0,165],"29":[165,0],"30":[165,0],"31":[95,70],"32":[47,118],"33":[27,20],"34":[14,6],"35":[14,151],"36":[14,0],"37":[14,0],"38":[14,0],"39":[14,0],"40":[14,0]},"f":{"1":6,"2":2,"3":0,"4":0,"5":0,"6":0,"7":6,"8":0,"9":0,"10":6,"11":0,"12":0,"13":6,"14":0,"15":0,"16":0,"17":0,"18":0,"19":0,"20":0,"21":0,"22":0,"23":0,"24":0,"25":0,"26":0,"27":0,"28":0,"29":0,"30":0,"31":2,"32":1,"33":1,"34":0,"35":165,"36":165,"37":165,"38":14,"39":14,"40":14,"41":42,"42":14,"43":14,"44":14},"fnMap":{"1":{"name":"constructor","line":76,"loc":{"start":{"line":71,"column":4},"end":{"line":90,"column":4}}},"2":{"name":"initializeDividendTracker","line":92,"loc":{"start":{"line":92,"column":4},"end":{"line":105,"column":4}}},"3":{"name":"getOwner","line":110,"loc":{"start":{"line":110,"column":4},"end":{"line":112,"column":4}}},"4":{"name":"updateNameAndSymbol","line":114,"loc":{"start":{"line":114,"column":4},"end":{"line":119,"column":4}}},"5":{"name":"supportsInterface","line":124,"loc":{"start":{"line":124,"column":4},"end":{"line":126,"column":4}}},"6":{"name":"recoverERC20","line":131,"loc":{"start":{"line":128,"column":4},"end":{"line":135,"column":4}}},"7":{"name":"setWhitelistAddress","line":137,"loc":{"start":{"line":137,"column":4},"end":{"line":145,"column":4}}},"8":{"name":"updateDividendTracker","line":147,"loc":{"start":{"line":147,"column":4},"end":{"line":160,"column":4}}},"9":{"name":"addNewRouter","line":162,"loc":{"start":{"line":162,"column":4},"end":{"line":172,"column":4}}},"10":{"name":"excludeFromFees","line":174,"loc":{"start":{"line":174,"column":4},"end":{"line":178,"column":4}}},"11":{"name":"excludeMultipleAccountsFromFees","line":180,"loc":{"start":{"line":180,"column":4},"end":{"line":184,"column":4}}},"12":{"name":"setAutomatedMarketMakerPair","line":186,"loc":{"start":{"line":186,"column":4},"end":{"line":192,"column":4}}},"13":{"name":"_setAutomatedMarketMakerPair","line":194,"loc":{"start":{"line":194,"column":4},"end":{"line":203,"column":4}}},"14":{"name":"updateMinTokenBalance","line":205,"loc":{"start":{"line":205,"column":4},"end":{"line":207,"column":4}}},"15":{"name":"updateVault1","line":209,"loc":{"start":{"line":209,"column":4},"end":{"line":214,"column":4}}},"16":{"name":"updateVault2","line":216,"loc":{"start":{"line":216,"column":4},"end":{"line":221,"column":4}}},"17":{"name":"updateLiquidityWallet","line":223,"loc":{"start":{"line":223,"column":4},"end":{"line":228,"column":4}}},"18":{"name":"updateGasForProcessing","line":230,"loc":{"start":{"line":230,"column":4},"end":{"line":238,"column":4}}},"19":{"name":"updateClaimWait","line":240,"loc":{"start":{"line":240,"column":4},"end":{"line":242,"column":4}}},"20":{"name":"getClaimWait","line":244,"loc":{"start":{"line":244,"column":4},"end":{"line":246,"column":4}}},"21":{"name":"getTotalDividendsDistributed","line":248,"loc":{"start":{"line":248,"column":4},"end":{"line":250,"column":4}}},"22":{"name":"isExcludedFromFees","line":252,"loc":{"start":{"line":252,"column":4},"end":{"line":254,"column":4}}},"23":{"name":"withdrawableDividendOf","line":256,"loc":{"start":{"line":256,"column":4},"end":{"line":258,"column":4}}},"24":{"name":"dividendTokenBalanceOf","line":260,"loc":{"start":{"line":260,"column":4},"end":{"line":262,"column":4}}},"25":{"name":"getAccountDividendsInfo","line":264,"loc":{"start":{"line":264,"column":4},"end":{"line":280,"column":4}}},"26":{"name":"getAccountDividendsInfoAtIndex","line":282,"loc":{"start":{"line":282,"column":4},"end":{"line":298,"column":4}}},"27":{"name":"processDividendTracker","line":300,"loc":{"start":{"line":300,"column":4},"end":{"line":303,"column":4}}},"28":{"name":"claim","line":305,"loc":{"start":{"line":305,"column":4},"end":{"line":307,"column":4}}},"29":{"name":"getLastProcessedIndex","line":309,"loc":{"start":{"line":309,"column":4},"end":{"line":311,"column":4}}},"30":{"name":"getNumberOfDividendTokenHolders","line":313,"loc":{"start":{"line":313,"column":4},"end":{"line":315,"column":4}}},"31":{"name":"setTransfersEnabled","line":320,"loc":{"start":{"line":320,"column":4},"end":{"line":322,"column":4}}},"32":{"name":"updateBuyFees","line":329,"loc":{"start":{"line":324,"column":4},"end":{"line":336,"column":4}}},"33":{"name":"updateSellFees","line":343,"loc":{"start":{"line":338,"column":4},"end":{"line":350,"column":4}}},"34":{"name":"updateSwapTokensAtAmount","line":352,"loc":{"start":{"line":352,"column":4},"end":{"line":356,"column":4}}},"35":{"name":"_transfer","line":358,"loc":{"start":{"line":358,"column":4},"end":{"line":415,"column":4}}},"36":{"name":"collectFees","line":417,"loc":{"start":{"line":417,"column":4},"end":{"line":436,"column":4}}},"37":{"name":"swapFeesIfAmountIsReached","line":438,"loc":{"start":{"line":438,"column":4},"end":{"line":474,"column":4}}},"38":{"name":"swapAndSendToFeeGameVault","line":476,"loc":{"start":{"line":476,"column":4},"end":{"line":481,"column":4}}},"39":{"name":"swapAndSendToFeeSafetyVault","line":483,"loc":{"start":{"line":483,"column":4},"end":{"line":488,"column":4}}},"40":{"name":"swapAndLiquify","line":490,"loc":{"start":{"line":490,"column":4},"end":{"line":511,"column":4}}},"41":{"name":"swapTokensForEth","line":513,"loc":{"start":{"line":513,"column":4},"end":{"line":529,"column":4}}},"42":{"name":"addLiquidity","line":531,"loc":{"start":{"line":531,"column":4},"end":{"line":544,"column":4}}},"43":{"name":"swapAndSendDividends","line":546,"loc":{"start":{"line":546,"column":4},"end":{"line":555,"column":4}}},"44":{"name":"swapTokensForRBA","line":557,"loc":{"start":{"line":557,"column":4},"end":{"line":574,"column":4}}}},"statementMap":{"1":{"start":{"line":77,"column":8},"end":{"line":77,"column":58}},"2":{"start":{"line":78,"column":8},"end":{"line":78,"column":17}},"3":{"start":{"line":79,"column":8},"end":{"line":79,"column":23}},"4":{"start":{"line":80,"column":8},"end":{"line":80,"column":32}},"5":{"start":{"line":81,"column":8},"end":{"line":81,"column":23}},"6":{"start":{"line":83,"column":8},"end":{"line":83,"column":36}},"7":{"start":{"line":84,"column":8},"end":{"line":84,"column":40}},"8":{"start":{"line":85,"column":8},"end":{"line":85,"column":99}},"9":{"start":{"line":87,"column":8},"end":{"line":87,"column":54}},"10":{"start":{"line":89,"column":8},"end":{"line":89,"column":35}},"11":{"start":{"line":93,"column":8},"end":{"line":93,"column":118}},"12":{"start":{"line":94,"column":8},"end":{"line":94,"column":41}},"13":{"start":{"line":97,"column":8},"end":{"line":97,"column":65}},"14":{"start":{"line":98,"column":8},"end":{"line":98,"column":69}},"15":{"start":{"line":99,"column":8},"end":{"line":99,"column":70}},"16":{"start":{"line":102,"column":8},"end":{"line":102,"column":47}},"17":{"start":{"line":103,"column":8},"end":{"line":103,"column":41}},"18":{"start":{"line":104,"column":8},"end":{"line":104,"column":40}},"19":{"start":{"line":111,"column":8},"end":{"line":111,"column":22}},"20":{"start":{"line":115,"column":8},"end":{"line":115,"column":76}},"21":{"start":{"line":116,"column":8},"end":{"line":116,"column":20}},"22":{"start":{"line":117,"column":8},"end":{"line":117,"column":24}},"23":{"start":{"line":118,"column":8},"end":{"line":118,"column":25}},"24":{"start":{"line":125,"column":8},"end":{"line":125,"column":51}},"25":{"start":{"line":133,"column":8},"end":{"line":133,"column":88}},"26":{"start":{"line":134,"column":8},"end":{"line":134,"column":52}},"27":{"start":{"line":138,"column":8},"end":{"line":138,"column":60}},"28":{"start":{"line":139,"column":8},"end":{"line":139,"column":54}},"29":{"start":{"line":140,"column":8},"end":{"line":140,"column":5709}},"30":{"start":{"line":141,"column":12},"end":{"line":141,"column":66}},"31":{"start":{"line":143,"column":12},"end":{"line":143,"column":64}},"32":{"start":{"line":148,"column":8},"end":{"line":148,"column":104}},"33":{"start":{"line":149,"column":8},"end":{"line":149,"column":127}},"34":{"start":{"line":151,"column":8},"end":{"line":151,"column":127}},"35":{"start":{"line":152,"column":8},"end":{"line":152,"column":6358}},"36":{"start":{"line":157,"column":8},"end":{"line":157,"column":61}},"37":{"start":{"line":158,"column":8},"end":{"line":158,"column":43}},"38":{"start":{"line":159,"column":8},"end":{"line":159,"column":72}},"39":{"start":{"line":163,"column":8},"end":{"line":163,"column":33}},"40":{"start":{"line":164,"column":8},"end":{"line":164,"column":52}},"41":{"start":{"line":166,"column":8},"end":{"line":166,"column":6943}},"42":{"start":{"line":167,"column":12},"end":{"line":167,"column":75}},"43":{"start":{"line":168,"column":12},"end":{"line":168,"column":49}},"44":{"start":{"line":169,"column":12},"end":{"line":169,"column":115}},"45":{"start":{"line":170,"column":12},"end":{"line":170,"column":58}},"46":{"start":{"line":175,"column":8},"end":{"line":175,"column":126}},"47":{"start":{"line":176,"column":8},"end":{"line":176,"column":46}},"48":{"start":{"line":177,"column":8},"end":{"line":177,"column":47}},"49":{"start":{"line":181,"column":8},"end":{"line":181,"column":7737}},"50":{"start":{"line":182,"column":12},"end":{"line":182,"column":49}},"51":{"start":{"line":187,"column":8},"end":{"line":187,"column":7959}},"52":{"start":{"line":191,"column":8},"end":{"line":191,"column":48}},"53":{"start":{"line":195,"column":8},"end":{"line":195,"column":8269}},"54":{"start":{"line":200,"column":8},"end":{"line":200,"column":46}},"55":{"start":{"line":201,"column":8},"end":{"line":201,"column":103}},"56":{"start":{"line":201,"column":61},"end":{"line":201,"column":102}},"57":{"start":{"line":202,"column":8},"end":{"line":202,"column":53}},"58":{"start":{"line":206,"column":8},"end":{"line":206,"column":55}},"59":{"start":{"line":210,"column":8},"end":{"line":210,"column":107}},"60":{"start":{"line":211,"column":8},"end":{"line":211,"column":43}},"61":{"start":{"line":212,"column":8},"end":{"line":212,"column":45}},"62":{"start":{"line":213,"column":8},"end":{"line":213,"column":25}},"63":{"start":{"line":217,"column":8},"end":{"line":217,"column":109}},"64":{"start":{"line":218,"column":8},"end":{"line":218,"column":43}},"65":{"start":{"line":219,"column":8},"end":{"line":219,"column":45}},"66":{"start":{"line":220,"column":8},"end":{"line":220,"column":25}},"67":{"start":{"line":224,"column":8},"end":{"line":224,"column":125}},"68":{"start":{"line":225,"column":8},"end":{"line":225,"column":52}},"69":{"start":{"line":226,"column":8},"end":{"line":226,"column":72}},"70":{"start":{"line":227,"column":8},"end":{"line":227,"column":43}},"71":{"start":{"line":231,"column":8},"end":{"line":231,"column":9927}},"72":{"start":{"line":235,"column":8},"end":{"line":235,"column":116}},"73":{"start":{"line":236,"column":8},"end":{"line":236,"column":64}},"74":{"start":{"line":237,"column":8},"end":{"line":237,"column":34}},"75":{"start":{"line":241,"column":8},"end":{"line":241,"column":49}},"76":{"start":{"line":245,"column":8},"end":{"line":245,"column":42}},"77":{"start":{"line":249,"column":8},"end":{"line":249,"column":58}},"78":{"start":{"line":253,"column":8},"end":{"line":253,"column":43}},"79":{"start":{"line":257,"column":8},"end":{"line":257,"column":62}},"80":{"start":{"line":261,"column":8},"end":{"line":261,"column":49}},"81":{"start":{"line":279,"column":8},"end":{"line":279,"column":50}},"82":{"start":{"line":297,"column":8},"end":{"line":297,"column":55}},"83":{"start":{"line":301,"column":8},"end":{"line":301,"column":103}},"84":{"start":{"line":302,"column":8},"end":{"line":302,"column":100}},"85":{"start":{"line":306,"column":8},"end":{"line":306,"column":65}},"86":{"start":{"line":310,"column":8},"end":{"line":310,"column":54}},"87":{"start":{"line":314,"column":8},"end":{"line":314,"column":56}},"88":{"start":{"line":321,"column":8},"end":{"line":321,"column":33}},"89":{"start":{"line":330,"column":8},"end":{"line":330,"column":36}},"90":{"start":{"line":331,"column":8},"end":{"line":331,"column":38}},"91":{"start":{"line":332,"column":8},"end":{"line":332,"column":38}},"92":{"start":{"line":333,"column":8},"end":{"line":333,"column":42}},"93":{"start":{"line":334,"column":8},"end":{"line":334,"column":92}},"94":{"start":{"line":335,"column":8},"end":{"line":335,"column":55}},"95":{"start":{"line":344,"column":8},"end":{"line":344,"column":37}},"96":{"start":{"line":345,"column":8},"end":{"line":345,"column":39}},"97":{"start":{"line":346,"column":8},"end":{"line":346,"column":39}},"98":{"start":{"line":347,"column":8},"end":{"line":347,"column":43}},"99":{"start":{"line":348,"column":8},"end":{"line":348,"column":97}},"100":{"start":{"line":349,"column":8},"end":{"line":349,"column":55}},"101":{"start":{"line":353,"column":8},"end":{"line":353,"column":97}},"102":{"start":{"line":354,"column":8},"end":{"line":354,"column":110}},"103":{"start":{"line":355,"column":8},"end":{"line":355,"column":47}},"104":{"start":{"line":363,"column":8},"end":{"line":363,"column":75}},"105":{"start":{"line":364,"column":8},"end":{"line":364,"column":71}},"106":{"start":{"line":368,"column":8},"end":{"line":368,"column":14685}},"107":{"start":{"line":375,"column":12},"end":{"line":375,"column":60}},"108":{"start":{"line":376,"column":12},"end":{"line":376,"column":14979}},"109":{"start":{"line":383,"column":8},"end":{"line":383,"column":15251}},"110":{"start":{"line":384,"column":12},"end":{"line":384,"column":97}},"111":{"start":{"line":387,"column":8},"end":{"line":387,"column":15395}},"112":{"start":{"line":388,"column":12},"end":{"line":388,"column":39}},"113":{"start":{"line":389,"column":12},"end":{"line":389,"column":18}},"114":{"start":{"line":392,"column":8},"end":{"line":392,"column":47}},"115":{"start":{"line":393,"column":8},"end":{"line":393,"column":81}},"116":{"start":{"line":396,"column":8},"end":{"line":396,"column":45}},"117":{"start":{"line":398,"column":8},"end":{"line":398,"column":15698}},"118":{"start":{"line":399,"column":12},"end":{"line":399,"column":94}},"119":{"start":{"line":400,"column":12},"end":{"line":400,"column":90}},"120":{"start":{"line":404,"column":8},"end":{"line":404,"column":42}},"121":{"start":{"line":406,"column":8},"end":{"line":406,"column":40}},"122":{"start":{"line":408,"column":8},"end":{"line":408,"column":16128}},"123":{"start":{"line":409,"column":12},"end":{"line":409,"column":42}},"124":{"start":{"line":411,"column":12},"end":{"line":411,"column":16263}},"125":{"start":{"line":412,"column":16},"end":{"line":412,"column":107}},"126":{"start":{"line":422,"column":8},"end":{"line":422,"column":16640}},"127":{"start":{"line":423,"column":12},"end":{"line":423,"column":24}},"128":{"start":{"line":424,"column":12},"end":{"line":424,"column":16763}},"129":{"start":{"line":425,"column":16},"end":{"line":425,"column":53}},"130":{"start":{"line":426,"column":16},"end":{"line":426,"column":39}},"131":{"start":{"line":427,"column":19},"end":{"line":427,"column":16919}},"132":{"start":{"line":428,"column":16},"end":{"line":428,"column":54}},"133":{"start":{"line":429,"column":16},"end":{"line":429,"column":40}},"134":{"start":{"line":432,"column":12},"end":{"line":432,"column":33}},"135":{"start":{"line":433,"column":12},"end":{"line":433,"column":53}},"136":{"start":{"line":435,"column":8},"end":{"line":435,"column":21}},"137":{"start":{"line":439,"column":8},"end":{"line":439,"column":63}},"138":{"start":{"line":441,"column":8},"end":{"line":441,"column":17356}},"139":{"start":{"line":448,"column":12},"end":{"line":448,"column":32}},"140":{"start":{"line":450,"column":12},"end":{"line":450,"column":112}},"141":{"start":{"line":451,"column":12},"end":{"line":451,"column":70}},"142":{"start":{"line":453,"column":12},"end":{"line":453,"column":89}},"143":{"start":{"line":454,"column":12},"end":{"line":454,"column":84}},"144":{"start":{"line":455,"column":12},"end":{"line":455,"column":79}},"145":{"start":{"line":455,"column":37},"end":{"line":455,"column":78}},"146":{"start":{"line":457,"column":12},"end":{"line":457,"column":93}},"147":{"start":{"line":458,"column":12},"end":{"line":458,"column":88}},"148":{"start":{"line":459,"column":12},"end":{"line":459,"column":85}},"149":{"start":{"line":459,"column":39},"end":{"line":459,"column":84}},"150":{"start":{"line":462,"column":12},"end":{"line":462,"column":84}},"151":{"start":{"line":463,"column":12},"end":{"line":463,"column":78}},"152":{"start":{"line":464,"column":12},"end":{"line":464,"column":58}},"153":{"start":{"line":464,"column":32},"end":{"line":464,"column":57}},"154":{"start":{"line":466,"column":12},"end":{"line":466,"column":57}},"155":{"start":{"line":467,"column":12},"end":{"line":467,"column":64}},"156":{"start":{"line":467,"column":32},"end":{"line":467,"column":63}},"157":{"start":{"line":469,"column":12},"end":{"line":469,"column":31}},"158":{"start":{"line":470,"column":12},"end":{"line":470,"column":32}},"159":{"start":{"line":472,"column":12},"end":{"line":472,"column":33}},"160":{"start":{"line":477,"column":8},"end":{"line":477,"column":57}},"161":{"start":{"line":478,"column":8},"end":{"line":478,"column":31}},"162":{"start":{"line":479,"column":8},"end":{"line":479,"column":73}},"163":{"start":{"line":480,"column":8},"end":{"line":480,"column":46}},"164":{"start":{"line":484,"column":8},"end":{"line":484,"column":57}},"165":{"start":{"line":485,"column":8},"end":{"line":485,"column":31}},"166":{"start":{"line":486,"column":8},"end":{"line":486,"column":73}},"167":{"start":{"line":487,"column":8},"end":{"line":487,"column":46}},"168":{"start":{"line":492,"column":8},"end":{"line":492,"column":33}},"169":{"start":{"line":493,"column":8},"end":{"line":493,"column":41}},"170":{"start":{"line":499,"column":8},"end":{"line":499,"column":54}},"171":{"start":{"line":502,"column":8},"end":{"line":502,"column":29}},"172":{"start":{"line":505,"column":8},"end":{"line":505,"column":67}},"173":{"start":{"line":508,"column":8},"end":{"line":508,"column":42}},"174":{"start":{"line":510,"column":8},"end":{"line":510,"column":56}},"175":{"start":{"line":515,"column":8},"end":{"line":515,"column":48}},"176":{"start":{"line":516,"column":8},"end":{"line":516,"column":30}},"177":{"start":{"line":517,"column":8},"end":{"line":517,"column":40}},"178":{"start":{"line":519,"column":8},"end":{"line":519,"column":70}},"179":{"start":{"line":522,"column":8},"end":{"line":522,"column":20681}},"180":{"start":{"line":533,"column":8},"end":{"line":533,"column":70}},"181":{"start":{"line":536,"column":8},"end":{"line":536,"column":21162}},"182":{"start":{"line":547,"column":8},"end":{"line":547,"column":46}},"183":{"start":{"line":548,"column":8},"end":{"line":548,"column":64}},"184":{"start":{"line":549,"column":8},"end":{"line":549,"column":80}},"185":{"start":{"line":551,"column":8},"end":{"line":551,"column":21691}},"186":{"start":{"line":552,"column":12},"end":{"line":552,"column":57}},"187":{"start":{"line":553,"column":12},"end":{"line":553,"column":49}},"188":{"start":{"line":559,"column":8},"end":{"line":559,"column":48}},"189":{"start":{"line":560,"column":8},"end":{"line":560,"column":30}},"190":{"start":{"line":561,"column":8},"end":{"line":561,"column":40}},"191":{"start":{"line":562,"column":8},"end":{"line":562,"column":20}},"192":{"start":{"line":564,"column":8},"end":{"line":564,"column":70}},"193":{"start":{"line":567,"column":8},"end":{"line":567,"column":22228}}},"branchMap":{"1":{"line":93,"type":"if","locations":[{"start":{"line":93,"column":8},"end":{"line":93,"column":8}},{"start":{"line":93,"column":8},"end":{"line":93,"column":8}}]},"2":{"line":115,"type":"if","locations":[{"start":{"line":115,"column":8},"end":{"line":115,"column":8}},{"start":{"line":115,"column":8},"end":{"line":115,"column":8}}]},"3":{"line":133,"type":"if","locations":[{"start":{"line":133,"column":8},"end":{"line":133,"column":8}},{"start":{"line":133,"column":8},"end":{"line":133,"column":8}}]},"4":{"line":140,"type":"if","locations":[{"start":{"line":140,"column":8},"end":{"line":140,"column":8}},{"start":{"line":140,"column":8},"end":{"line":140,"column":8}}]},"5":{"line":148,"type":"if","locations":[{"start":{"line":148,"column":8},"end":{"line":148,"column":8}},{"start":{"line":148,"column":8},"end":{"line":148,"column":8}}]},"6":{"line":149,"type":"if","locations":[{"start":{"line":149,"column":8},"end":{"line":149,"column":8}},{"start":{"line":149,"column":8},"end":{"line":149,"column":8}}]},"7":{"line":152,"type":"if","locations":[{"start":{"line":152,"column":8},"end":{"line":152,"column":8}},{"start":{"line":152,"column":8},"end":{"line":152,"column":8}}]},"8":{"line":166,"type":"if","locations":[{"start":{"line":166,"column":8},"end":{"line":166,"column":8}},{"start":{"line":166,"column":8},"end":{"line":166,"column":8}}]},"9":{"line":175,"type":"if","locations":[{"start":{"line":175,"column":8},"end":{"line":175,"column":8}},{"start":{"line":175,"column":8},"end":{"line":175,"column":8}}]},"10":{"line":187,"type":"if","locations":[{"start":{"line":187,"column":8},"end":{"line":187,"column":8}},{"start":{"line":187,"column":8},"end":{"line":187,"column":8}}]},"11":{"line":195,"type":"if","locations":[{"start":{"line":195,"column":8},"end":{"line":195,"column":8}},{"start":{"line":195,"column":8},"end":{"line":195,"column":8}}]},"12":{"line":201,"type":"if","locations":[{"start":{"line":201,"column":8},"end":{"line":201,"column":8}},{"start":{"line":201,"column":8},"end":{"line":201,"column":8}}]},"13":{"line":210,"type":"if","locations":[{"start":{"line":210,"column":8},"end":{"line":210,"column":8}},{"start":{"line":210,"column":8},"end":{"line":210,"column":8}}]},"14":{"line":217,"type":"if","locations":[{"start":{"line":217,"column":8},"end":{"line":217,"column":8}},{"start":{"line":217,"column":8},"end":{"line":217,"column":8}}]},"15":{"line":224,"type":"if","locations":[{"start":{"line":224,"column":8},"end":{"line":224,"column":8}},{"start":{"line":224,"column":8},"end":{"line":224,"column":8}}]},"16":{"line":231,"type":"if","locations":[{"start":{"line":231,"column":8},"end":{"line":231,"column":8}},{"start":{"line":231,"column":8},"end":{"line":231,"column":8}}]},"17":{"line":235,"type":"if","locations":[{"start":{"line":235,"column":8},"end":{"line":235,"column":8}},{"start":{"line":235,"column":8},"end":{"line":235,"column":8}}]},"18":{"line":335,"type":"if","locations":[{"start":{"line":335,"column":8},"end":{"line":335,"column":8}},{"start":{"line":335,"column":8},"end":{"line":335,"column":8}}]},"19":{"line":349,"type":"if","locations":[{"start":{"line":349,"column":8},"end":{"line":349,"column":8}},{"start":{"line":349,"column":8},"end":{"line":349,"column":8}}]},"20":{"line":353,"type":"if","locations":[{"start":{"line":353,"column":8},"end":{"line":353,"column":8}},{"start":{"line":353,"column":8},"end":{"line":353,"column":8}}]},"21":{"line":354,"type":"if","locations":[{"start":{"line":354,"column":8},"end":{"line":354,"column":8}},{"start":{"line":354,"column":8},"end":{"line":354,"column":8}}]},"22":{"line":363,"type":"if","locations":[{"start":{"line":363,"column":8},"end":{"line":363,"column":8}},{"start":{"line":363,"column":8},"end":{"line":363,"column":8}}]},"23":{"line":364,"type":"if","locations":[{"start":{"line":364,"column":8},"end":{"line":364,"column":8}},{"start":{"line":364,"column":8},"end":{"line":364,"column":8}}]},"24":{"line":368,"type":"if","locations":[{"start":{"line":368,"column":8},"end":{"line":368,"column":8}},{"start":{"line":368,"column":8},"end":{"line":368,"column":8}}]},"25":{"line":376,"type":"if","locations":[{"start":{"line":376,"column":12},"end":{"line":376,"column":12}},{"start":{"line":376,"column":12},"end":{"line":376,"column":12}}]},"26":{"line":383,"type":"if","locations":[{"start":{"line":383,"column":8},"end":{"line":383,"column":8}},{"start":{"line":383,"column":8},"end":{"line":383,"column":8}}]},"27":{"line":384,"type":"if","locations":[{"start":{"line":384,"column":12},"end":{"line":384,"column":12}},{"start":{"line":384,"column":12},"end":{"line":384,"column":12}}]},"28":{"line":387,"type":"if","locations":[{"start":{"line":387,"column":8},"end":{"line":387,"column":8}},{"start":{"line":387,"column":8},"end":{"line":387,"column":8}}]},"29":{"line":393,"type":"if","locations":[{"start":{"line":393,"column":8},"end":{"line":393,"column":8}},{"start":{"line":393,"column":8},"end":{"line":393,"column":8}}]},"30":{"line":398,"type":"if","locations":[{"start":{"line":398,"column":8},"end":{"line":398,"column":8}},{"start":{"line":398,"column":8},"end":{"line":398,"column":8}}]},"31":{"line":408,"type":"if","locations":[{"start":{"line":408,"column":8},"end":{"line":408,"column":8}},{"start":{"line":408,"column":8},"end":{"line":408,"column":8}}]},"32":{"line":422,"type":"if","locations":[{"start":{"line":422,"column":8},"end":{"line":422,"column":8}},{"start":{"line":422,"column":8},"end":{"line":422,"column":8}}]},"33":{"line":424,"type":"if","locations":[{"start":{"line":424,"column":12},"end":{"line":424,"column":12}},{"start":{"line":424,"column":12},"end":{"line":424,"column":12}}]},"34":{"line":427,"type":"if","locations":[{"start":{"line":427,"column":19},"end":{"line":427,"column":19}},{"start":{"line":427,"column":19},"end":{"line":427,"column":19}}]},"35":{"line":441,"type":"if","locations":[{"start":{"line":441,"column":8},"end":{"line":441,"column":8}},{"start":{"line":441,"column":8},"end":{"line":441,"column":8}}]},"36":{"line":455,"type":"if","locations":[{"start":{"line":455,"column":12},"end":{"line":455,"column":12}},{"start":{"line":455,"column":12},"end":{"line":455,"column":12}}]},"37":{"line":459,"type":"if","locations":[{"start":{"line":459,"column":12},"end":{"line":459,"column":12}},{"start":{"line":459,"column":12},"end":{"line":459,"column":12}}]},"38":{"line":464,"type":"if","locations":[{"start":{"line":464,"column":12},"end":{"line":464,"column":12}},{"start":{"line":464,"column":12},"end":{"line":464,"column":12}}]},"39":{"line":467,"type":"if","locations":[{"start":{"line":467,"column":12},"end":{"line":467,"column":12}},{"start":{"line":467,"column":12},"end":{"line":467,"column":12}}]},"40":{"line":551,"type":"if","locations":[{"start":{"line":551,"column":8},"end":{"line":551,"column":8}},{"start":{"line":551,"column":8},"end":{"line":551,"column":8}}]}}},"contracts/BorToken/BattlefieldOfRenegadesDividendTracker.sol":{"l":{"32":186,"33":186,"39":6,"40":6,"42":6,"43":6,"44":6,"49":0,"53":0,"54":0,"62":0,"63":0,"71":0,"75":0,"82":12,"83":12,"85":12,"86":12,"88":12,"92":0,"94":0,"95":0,"97":0,"101":0,"105":0,"106":0,"107":0,"111":0,"115":0,"119":0,"137":0,"139":0,"141":0,"143":0,"144":0,"145":0,"147":0,"150":0,"154":0,"155":0,"157":0,"159":0,"161":0,"179":0,"180":0,"181":0,"185":116,"186":0,"189":116,"193":0,"201":0,"202":0,"207":0,"209":0,"211":0,"212":0,"213":0,"214":0,"216":0,"217":0,"221":0,"225":330,"227":58,"228":58,"229":58,"231":0,"232":0,"235":58,"247":95,"249":95,"250":28,"253":67,"255":67,"257":67,"259":67,"260":67,"262":67,"263":116,"265":116,"266":53,"269":116,"271":116,"272":116,"273":27,"277":114,"279":114,"280":114,"281":114,"284":65,"286":64,"295":174,"297":173,"298":28,"299":27,"300":27,"303":145},"path":"/Users/urbn/st/contracts/BorToken/BattlefieldOfRenegadesDividendTracker.sol","s":{"1":186,"2":6,"3":6,"4":6,"5":6,"6":6,"7":0,"8":0,"9":0,"10":0,"11":0,"12":0,"13":0,"14":12,"15":12,"16":12,"17":12,"18":12,"19":0,"20":0,"21":0,"22":0,"23":0,"24":0,"25":0,"26":0,"27":0,"28":0,"29":0,"30":0,"31":0,"32":0,"33":0,"34":0,"35":0,"36":0,"37":0,"38":0,"39":0,"40":0,"41":0,"42":0,"43":0,"44":0,"45":0,"46":0,"47":116,"48":0,"49":116,"50":0,"51":0,"52":0,"53":0,"54":0,"55":0,"56":0,"57":0,"58":0,"59":0,"60":0,"61":0,"62":0,"63":0,"64":330,"65":272,"66":58,"67":58,"68":58,"69":0,"70":0,"71":58,"72":95,"73":95,"74":28,"75":67,"76":67,"77":67,"78":67,"79":67,"80":67,"81":116,"82":53,"83":116,"84":116,"85":116,"86":114,"87":114,"88":114,"89":114,"90":65,"91":64,"92":174,"93":173,"94":28,"95":27,"96":27,"97":145},"b":{"1":[186,0],"2":[0,0],"3":[0,0],"4":[0,0],"5":[0,0],"6":[12,0],"7":[0,0],"8":[0,0],"9":[0,0],"10":[0,0],"11":[0,0],"12":[0,0],"13":[0,116],"14":[0,0],"15":[0,0],"16":[0,0],"17":[0,0],"18":[272,58],"19":[58,0],"20":[28,67],"21":[53,63],"22":[116,0],"23":[27,87],"24":[114,0],"25":[28,145]},"f":{"1":186,"2":6,"3":0,"4":0,"5":0,"6":0,"7":0,"8":12,"9":0,"10":0,"11":0,"12":0,"13":0,"14":0,"15":0,"16":116,"17":0,"18":0,"19":0,"20":330,"21":95,"22":174},"fnMap":{"1":{"name":"onlyOwnerOrDeployer","line":31,"loc":{"start":{"line":31,"column":4},"end":{"line":34,"column":4}}},"2":{"name":"constructor","line":37,"loc":{"start":{"line":36,"column":4},"end":{"line":45,"column":4}}},"3":{"name":"getOwner","line":48,"loc":{"start":{"line":48,"column":4},"end":{"line":50,"column":4}}},"4":{"name":"updateDeployerAddress","line":52,"loc":{"start":{"line":52,"column":4},"end":{"line":55,"column":4}}},"5":{"name":"recoverERC20","line":60,"loc":{"start":{"line":57,"column":4},"end":{"line":64,"column":4}}},"6":{"name":"_transfer","line":66,"loc":{"start":{"line":66,"column":4},"end":{"line":72,"column":4}}},"7":{"name":"withdrawDividend","line":74,"loc":{"start":{"line":74,"column":4},"end":{"line":79,"column":4}}},"8":{"name":"excludeFromDividends","line":81,"loc":{"start":{"line":81,"column":4},"end":{"line":89,"column":4}}},"9":{"name":"includeInDividends","line":91,"loc":{"start":{"line":91,"column":4},"end":{"line":98,"column":4}}},"10":{"name":"updateClaimWait","line":100,"loc":{"start":{"line":100,"column":4},"end":{"line":108,"column":4}}},"11":{"name":"updateMinTokenBalance","line":110,"loc":{"start":{"line":110,"column":4},"end":{"line":112,"column":4}}},"12":{"name":"getLastProcessedIndex","line":114,"loc":{"start":{"line":114,"column":4},"end":{"line":116,"column":4}}},"13":{"name":"getNumberOfTokenHolders","line":118,"loc":{"start":{"line":118,"column":4},"end":{"line":120,"column":4}}},"14":{"name":"getAccount","line":122,"loc":{"start":{"line":122,"column":4},"end":{"line":162,"column":4}}},"15":{"name":"getAccountAtIndex","line":164,"loc":{"start":{"line":164,"column":4},"end":{"line":182,"column":4}}},"16":{"name":"canAutoClaim","line":184,"loc":{"start":{"line":184,"column":4},"end":{"line":190,"column":4}}},"17":{"name":"ensureBalance","line":192,"loc":{"start":{"line":192,"column":4},"end":{"line":194,"column":4}}},"18":{"name":"ensureBalanceForUsers","line":199,"loc":{"start":{"line":196,"column":4},"end":{"line":204,"column":4}}},"19":{"name":"ensureBalanceForUser","line":206,"loc":{"start":{"line":206,"column":4},"end":{"line":222,"column":4}}},"20":{"name":"setBalance","line":224,"loc":{"start":{"line":224,"column":4},"end":{"line":236,"column":4}}},"21":{"name":"process","line":238,"loc":{"start":{"line":238,"column":4},"end":{"line":287,"column":4}}},"22":{"name":"processAccount","line":292,"loc":{"start":{"line":289,"column":4},"end":{"line":304,"column":4}}}},"statementMap":{"1":{"start":{"line":32,"column":8},"end":{"line":32,"column":115}},"2":{"start":{"line":39,"column":8},"end":{"line":39,"column":23}},"3":{"start":{"line":40,"column":8},"end":{"line":40,"column":57}},"4":{"start":{"line":42,"column":8},"end":{"line":42,"column":30}},"5":{"start":{"line":43,"column":8},"end":{"line":43,"column":33}},"6":{"start":{"line":44,"column":8},"end":{"line":44,"column":38}},"7":{"start":{"line":49,"column":8},"end":{"line":49,"column":22}},"8":{"start":{"line":53,"column":8},"end":{"line":53,"column":69}},"9":{"start":{"line":54,"column":8},"end":{"line":54,"column":29}},"10":{"start":{"line":62,"column":8},"end":{"line":62,"column":107}},"11":{"start":{"line":63,"column":8},"end":{"line":63,"column":52}},"12":{"start":{"line":71,"column":8},"end":{"line":71,"column":84}},"13":{"start":{"line":75,"column":8},"end":{"line":75,"column":2518}},"14":{"start":{"line":82,"column":8},"end":{"line":82,"column":114}},"15":{"start":{"line":83,"column":8},"end":{"line":83,"column":44}},"16":{"start":{"line":85,"column":8},"end":{"line":85,"column":30}},"17":{"start":{"line":86,"column":8},"end":{"line":86,"column":38}},"18":{"start":{"line":88,"column":8},"end":{"line":88,"column":42}},"19":{"start":{"line":92,"column":8},"end":{"line":92,"column":109}},"20":{"start":{"line":94,"column":8},"end":{"line":94,"column":45}},"21":{"start":{"line":95,"column":8},"end":{"line":95,"column":30}},"22":{"start":{"line":97,"column":8},"end":{"line":97,"column":41}},"23":{"start":{"line":101,"column":8},"end":{"line":101,"column":3512}},"24":{"start":{"line":105,"column":8},"end":{"line":105,"column":121}},"25":{"start":{"line":106,"column":8},"end":{"line":106,"column":54}},"26":{"start":{"line":107,"column":8},"end":{"line":107,"column":31}},"27":{"start":{"line":111,"column":8},"end":{"line":111,"column":61}},"28":{"start":{"line":115,"column":8},"end":{"line":115,"column":33}},"29":{"start":{"line":119,"column":8},"end":{"line":119,"column":42}},"30":{"start":{"line":137,"column":8},"end":{"line":137,"column":25}},"31":{"start":{"line":139,"column":8},"end":{"line":139,"column":53}},"32":{"start":{"line":141,"column":8},"end":{"line":141,"column":36}},"33":{"start":{"line":143,"column":8},"end":{"line":143,"column":4892}},"34":{"start":{"line":144,"column":12},"end":{"line":144,"column":4926}},"35":{"start":{"line":145,"column":16},"end":{"line":145,"column":76}},"36":{"start":{"line":147,"column":16},"end":{"line":147,"column":5096}},"37":{"start":{"line":150,"column":16},"end":{"line":150,"column":82}},"38":{"start":{"line":154,"column":8},"end":{"line":154,"column":62}},"39":{"start":{"line":155,"column":8},"end":{"line":155,"column":55}},"40":{"start":{"line":157,"column":8},"end":{"line":157,"column":46}},"41":{"start":{"line":159,"column":8},"end":{"line":159,"column":72}},"42":{"start":{"line":161,"column":8},"end":{"line":161,"column":109}},"43":{"start":{"line":179,"column":8},"end":{"line":179,"column":87}},"44":{"start":{"line":179,"column":45},"end":{"line":179,"column":87}},"45":{"start":{"line":180,"column":8},"end":{"line":180,"column":62}},"46":{"start":{"line":181,"column":8},"end":{"line":181,"column":34}},"47":{"start":{"line":185,"column":8},"end":{"line":185,"column":6315}},"48":{"start":{"line":186,"column":12},"end":{"line":186,"column":24}},"49":{"start":{"line":189,"column":8},"end":{"line":189,"column":61}},"50":{"start":{"line":193,"column":8},"end":{"line":193,"column":60}},"51":{"start":{"line":201,"column":8},"end":{"line":201,"column":6754}},"52":{"start":{"line":202,"column":12},"end":{"line":202,"column":56}},"53":{"start":{"line":207,"column":8},"end":{"line":207,"column":64}},"54":{"start":{"line":209,"column":8},"end":{"line":209,"column":50}},"55":{"start":{"line":209,"column":44},"end":{"line":209,"column":50}},"56":{"start":{"line":211,"column":8},"end":{"line":211,"column":7124}},"57":{"start":{"line":212,"column":12},"end":{"line":212,"column":7177}},"58":{"start":{"line":213,"column":16},"end":{"line":213,"column":44}},"59":{"start":{"line":214,"column":16},"end":{"line":214,"column":52}},"60":{"start":{"line":216,"column":16},"end":{"line":216,"column":38}},"61":{"start":{"line":217,"column":16},"end":{"line":217,"column":46}},"62":{"start":{"line":221,"column":8},"end":{"line":221,"column":52}},"63":{"start":{"line":221,"column":22},"end":{"line":221,"column":51}},"64":{"start":{"line":225,"column":8},"end":{"line":225,"column":50}},"65":{"start":{"line":225,"column":44},"end":{"line":225,"column":50}},"66":{"start":{"line":227,"column":8},"end":{"line":227,"column":7682}},"67":{"start":{"line":228,"column":12},"end":{"line":228,"column":43}},"68":{"start":{"line":229,"column":12},"end":{"line":229,"column":51}},"69":{"start":{"line":231,"column":12},"end":{"line":231,"column":34}},"70":{"start":{"line":232,"column":12},"end":{"line":232,"column":42}},"71":{"start":{"line":235,"column":8},"end":{"line":235,"column":36}},"72":{"start":{"line":247,"column":8},"end":{"line":247,"column":66}},"73":{"start":{"line":249,"column":8},"end":{"line":249,"column":8232}},"74":{"start":{"line":250,"column":12},"end":{"line":250,"column":45}},"75":{"start":{"line":253,"column":8},"end":{"line":253,"column":56}},"76":{"start":{"line":255,"column":8},"end":{"line":255,"column":27}},"77":{"start":{"line":257,"column":8},"end":{"line":257,"column":35}},"78":{"start":{"line":259,"column":8},"end":{"line":259,"column":30}},"79":{"start":{"line":260,"column":8},"end":{"line":260,"column":26}},"80":{"start":{"line":262,"column":8},"end":{"line":262,"column":8519}},"81":{"start":{"line":265,"column":12},"end":{"line":265,"column":8632}},"82":{"start":{"line":266,"column":16},"end":{"line":266,"column":38}},"83":{"start":{"line":269,"column":12},"end":{"line":269,"column":71}},"84":{"start":{"line":271,"column":12},"end":{"line":271,"column":8832}},"85":{"start":{"line":272,"column":16},"end":{"line":272,"column":8897}},"86":{"start":{"line":279,"column":12},"end":{"line":279,"column":42}},"87":{"start":{"line":280,"column":12},"end":{"line":280,"column":80}},"88":{"start":{"line":280,"column":38},"end":{"line":280,"column":79}},"89":{"start":{"line":281,"column":12},"end":{"line":281,"column":31}},"90":{"start":{"line":284,"column":8},"end":{"line":284,"column":47}},"91":{"start":{"line":286,"column":8},"end":{"line":286,"column":55}},"92":{"start":{"line":295,"column":8},"end":{"line":295,"column":57}},"93":{"start":{"line":297,"column":8},"end":{"line":297,"column":9537}},"94":{"start":{"line":298,"column":12},"end":{"line":298,"column":52}},"95":{"start":{"line":299,"column":12},"end":{"line":299,"column":50}},"96":{"start":{"line":300,"column":12},"end":{"line":300,"column":23}},"97":{"start":{"line":303,"column":8},"end":{"line":303,"column":20}}},"branchMap":{"1":{"line":32,"type":"if","locations":[{"start":{"line":32,"column":8},"end":{"line":32,"column":8}},{"start":{"line":32,"column":8},"end":{"line":32,"column":8}}]},"2":{"line":53,"type":"if","locations":[{"start":{"line":53,"column":8},"end":{"line":53,"column":8}},{"start":{"line":53,"column":8},"end":{"line":53,"column":8}}]},"3":{"line":62,"type":"if","locations":[{"start":{"line":62,"column":8},"end":{"line":62,"column":8}},{"start":{"line":62,"column":8},"end":{"line":62,"column":8}}]},"4":{"line":71,"type":"if","locations":[{"start":{"line":71,"column":8},"end":{"line":71,"column":8}},{"start":{"line":71,"column":8},"end":{"line":71,"column":8}}]},"5":{"line":75,"type":"if","locations":[{"start":{"line":75,"column":8},"end":{"line":75,"column":8}},{"start":{"line":75,"column":8},"end":{"line":75,"column":8}}]},"6":{"line":82,"type":"if","locations":[{"start":{"line":82,"column":8},"end":{"line":82,"column":8}},{"start":{"line":82,"column":8},"end":{"line":82,"column":8}}]},"7":{"line":92,"type":"if","locations":[{"start":{"line":92,"column":8},"end":{"line":92,"column":8}},{"start":{"line":92,"column":8},"end":{"line":92,"column":8}}]},"8":{"line":101,"type":"if","locations":[{"start":{"line":101,"column":8},"end":{"line":101,"column":8}},{"start":{"line":101,"column":8},"end":{"line":101,"column":8}}]},"9":{"line":105,"type":"if","locations":[{"start":{"line":105,"column":8},"end":{"line":105,"column":8}},{"start":{"line":105,"column":8},"end":{"line":105,"column":8}}]},"10":{"line":143,"type":"if","locations":[{"start":{"line":143,"column":8},"end":{"line":143,"column":8}},{"start":{"line":143,"column":8},"end":{"line":143,"column":8}}]},"11":{"line":144,"type":"if","locations":[{"start":{"line":144,"column":12},"end":{"line":144,"column":12}},{"start":{"line":144,"column":12},"end":{"line":144,"column":12}}]},"12":{"line":179,"type":"if","locations":[{"start":{"line":179,"column":8},"end":{"line":179,"column":8}},{"start":{"line":179,"column":8},"end":{"line":179,"column":8}}]},"13":{"line":185,"type":"if","locations":[{"start":{"line":185,"column":8},"end":{"line":185,"column":8}},{"start":{"line":185,"column":8},"end":{"line":185,"column":8}}]},"14":{"line":209,"type":"if","locations":[{"start":{"line":209,"column":8},"end":{"line":209,"column":8}},{"start":{"line":209,"column":8},"end":{"line":209,"column":8}}]},"15":{"line":211,"type":"if","locations":[{"start":{"line":211,"column":8},"end":{"line":211,"column":8}},{"start":{"line":211,"column":8},"end":{"line":211,"column":8}}]},"16":{"line":212,"type":"if","locations":[{"start":{"line":212,"column":12},"end":{"line":212,"column":12}},{"start":{"line":212,"column":12},"end":{"line":212,"column":12}}]},"17":{"line":221,"type":"if","locations":[{"start":{"line":221,"column":8},"end":{"line":221,"column":8}},{"start":{"line":221,"column":8},"end":{"line":221,"column":8}}]},"18":{"line":225,"type":"if","locations":[{"start":{"line":225,"column":8},"end":{"line":225,"column":8}},{"start":{"line":225,"column":8},"end":{"line":225,"column":8}}]},"19":{"line":227,"type":"if","locations":[{"start":{"line":227,"column":8},"end":{"line":227,"column":8}},{"start":{"line":227,"column":8},"end":{"line":227,"column":8}}]},"20":{"line":249,"type":"if","locations":[{"start":{"line":249,"column":8},"end":{"line":249,"column":8}},{"start":{"line":249,"column":8},"end":{"line":249,"column":8}}]},"21":{"line":265,"type":"if","locations":[{"start":{"line":265,"column":12},"end":{"line":265,"column":12}},{"start":{"line":265,"column":12},"end":{"line":265,"column":12}}]},"22":{"line":271,"type":"if","locations":[{"start":{"line":271,"column":12},"end":{"line":271,"column":12}},{"start":{"line":271,"column":12},"end":{"line":271,"column":12}}]},"23":{"line":272,"type":"if","locations":[{"start":{"line":272,"column":16},"end":{"line":272,"column":16}},{"start":{"line":272,"column":16},"end":{"line":272,"column":16}}]},"24":{"line":280,"type":"if","locations":[{"start":{"line":280,"column":12},"end":{"line":280,"column":12}},{"start":{"line":280,"column":12},"end":{"line":280,"column":12}}]},"25":{"line":297,"type":"if","locations":[{"start":{"line":297,"column":8},"end":{"line":297,"column":8}},{"start":{"line":297,"column":8},"end":{"line":297,"column":8}}]}}},"contracts/BorToken/IBattlefieldOfRenegades.sol":{"l":{},"path":"/Users/urbn/st/contracts/BorToken/IBattlefieldOfRenegades.sol","s":{},"b":{},"f":{},"fnMap":{},"statementMap":{},"branchMap":{}},"contracts/BorToken/IBattlefieldOfRenegadesDividendTracker.sol":{"l":{},"path":"/Users/urbn/st/contracts/BorToken/IBattlefieldOfRenegadesDividendTracker.sol","s":{},"b":{},"f":{},"fnMap":{},"statementMap":{},"branchMap":{}},"contracts/BorToken/interfaces/IDEXFactory.sol":{"l":{},"path":"/Users/urbn/st/contracts/BorToken/interfaces/IDEXFactory.sol","s":{},"b":{},"f":{},"fnMap":{},"statementMap":{},"branchMap":{}},"contracts/BorToken/interfaces/IDEXPair.sol":{"l":{},"path":"/Users/urbn/st/contracts/BorToken/interfaces/IDEXPair.sol","s":{},"b":{},"f":{},"fnMap":{},"statementMap":{},"branchMap":{}},"contracts/BorToken/interfaces/IDEXRouter.sol":{"l":{},"path":"/Users/urbn/st/contracts/BorToken/interfaces/IDEXRouter.sol","s":{},"b":{},"f":{},"fnMap":{},"statementMap":{},"branchMap":{}},"contracts/BorToken/IterableMapping.sol":{"l":{"15":0,"19":0,"20":0,"22":0,"26":0,"30":0,"38":0,"39":0,"41":0,"42":0,"43":0,"44":0,"49":0,"50":0,"53":0,"54":0,"56":0,"57":0,"58":0,"60":0,"61":0,"63":0,"64":0},"path":"/Users/urbn/st/contracts/BorToken/IterableMapping.sol","s":{"1":0,"2":0,"3":0,"4":0,"5":0,"6":0,"7":0,"8":0,"9":0,"10":0,"11":0,"12":0,"13":0,"14":0,"15":0,"16":0,"17":0,"18":0,"19":0,"20":0},"b":{"1":[0,0],"2":[0,0],"3":[0,0]},"f":{"1":0,"2":0,"3":0,"4":0,"5":0,"6":0},"fnMap":{"1":{"name":"get","line":14,"loc":{"start":{"line":14,"column":4},"end":{"line":16,"column":4}}},"2":{"name":"getIndexOfKey","line":18,"loc":{"start":{"line":18,"column":4},"end":{"line":23,"column":4}}},"3":{"name":"getKeyAtIndex","line":25,"loc":{"start":{"line":25,"column":4},"end":{"line":27,"column":4}}},"4":{"name":"size","line":29,"loc":{"start":{"line":29,"column":4},"end":{"line":31,"column":4}}},"5":{"name":"set","line":33,"loc":{"start":{"line":33,"column":4},"end":{"line":46,"column":4}}},"6":{"name":"remove","line":48,"loc":{"start":{"line":48,"column":4},"end":{"line":65,"column":4}}}},"statementMap":{"1":{"start":{"line":15,"column":8},"end":{"line":15,"column":30}},"2":{"start":{"line":19,"column":8},"end":{"line":19,"column":537}},"3":{"start":{"line":20,"column":12},"end":{"line":20,"column":21}},"4":{"start":{"line":22,"column":8},"end":{"line":22,"column":39}},"5":{"start":{"line":26,"column":8},"end":{"line":26,"column":30}},"6":{"start":{"line":30,"column":8},"end":{"line":30,"column":30}},"7":{"start":{"line":38,"column":8},"end":{"line":38,"column":993}},"8":{"start":{"line":39,"column":12},"end":{"line":39,"column":32}},"9":{"start":{"line":41,"column":12},"end":{"line":41,"column":35}},"10":{"start":{"line":42,"column":12},"end":{"line":42,"column":32}},"11":{"start":{"line":43,"column":12},"end":{"line":43,"column":45}},"12":{"start":{"line":44,"column":12},"end":{"line":44,"column":29}},"13":{"start":{"line":49,"column":8},"end":{"line":49,"column":1309}},"14":{"start":{"line":50,"column":12},"end":{"line":50,"column":18}},"15":{"start":{"line":56,"column":8},"end":{"line":56,"column":40}},"16":{"start":{"line":57,"column":8},"end":{"line":57,"column":47}},"17":{"start":{"line":58,"column":8},"end":{"line":58,"column":45}},"18":{"start":{"line":60,"column":8},"end":{"line":60,"column":35}},"19":{"start":{"line":63,"column":8},"end":{"line":63,"column":32}},"20":{"start":{"line":64,"column":8},"end":{"line":64,"column":21}}},"branchMap":{"1":{"line":19,"type":"if","locations":[{"start":{"line":19,"column":8},"end":{"line":19,"column":8}},{"start":{"line":19,"column":8},"end":{"line":19,"column":8}}]},"2":{"line":38,"type":"if","locations":[{"start":{"line":38,"column":8},"end":{"line":38,"column":8}},{"start":{"line":38,"column":8},"end":{"line":38,"column":8}}]},"3":{"line":49,"type":"if","locations":[{"start":{"line":49,"column":8},"end":{"line":49,"column":8}},{"start":{"line":49,"column":8},"end":{"line":49,"column":8}}]}}},"contracts/BorToken/libraries/IterableMapping.sol":{"l":{"15":0,"19":0,"20":0,"22":0,"26":0,"30":0,"38":58,"39":52,"41":6,"42":6,"43":6,"44":6,"49":12,"50":12,"53":0,"54":0,"56":0,"57":0,"58":0,"60":0,"61":0,"63":0,"64":0},"path":"/Users/urbn/st/contracts/BorToken/libraries/IterableMapping.sol","s":{"1":0,"2":0,"3":0,"4":0,"5":0,"6":0,"7":58,"8":52,"9":6,"10":6,"11":6,"12":6,"13":12,"14":12,"15":0,"16":0,"17":0,"18":0,"19":0,"20":0},"b":{"1":[0,0],"2":[52,6],"3":[12,0]},"f":{"1":0,"2":0,"3":0,"4":0,"5":58,"6":12},"fnMap":{"1":{"name":"get","line":14,"loc":{"start":{"line":14,"column":4},"end":{"line":16,"column":4}}},"2":{"name":"getIndexOfKey","line":18,"loc":{"start":{"line":18,"column":4},"end":{"line":23,"column":4}}},"3":{"name":"getKeyAtIndex","line":25,"loc":{"start":{"line":25,"column":4},"end":{"line":27,"column":4}}},"4":{"name":"size","line":29,"loc":{"start":{"line":29,"column":4},"end":{"line":31,"column":4}}},"5":{"name":"set","line":33,"loc":{"start":{"line":33,"column":4},"end":{"line":46,"column":4}}},"6":{"name":"remove","line":48,"loc":{"start":{"line":48,"column":4},"end":{"line":65,"column":4}}}},"statementMap":{"1":{"start":{"line":15,"column":8},"end":{"line":15,"column":30}},"2":{"start":{"line":19,"column":8},"end":{"line":19,"column":537}},"3":{"start":{"line":20,"column":12},"end":{"line":20,"column":21}},"4":{"start":{"line":22,"column":8},"end":{"line":22,"column":39}},"5":{"start":{"line":26,"column":8},"end":{"line":26,"column":30}},"6":{"start":{"line":30,"column":8},"end":{"line":30,"column":30}},"7":{"start":{"line":38,"column":8},"end":{"line":38,"column":993}},"8":{"start":{"line":39,"column":12},"end":{"line":39,"column":32}},"9":{"start":{"line":41,"column":12},"end":{"line":41,"column":35}},"10":{"start":{"line":42,"column":12},"end":{"line":42,"column":32}},"11":{"start":{"line":43,"column":12},"end":{"line":43,"column":45}},"12":{"start":{"line":44,"column":12},"end":{"line":44,"column":29}},"13":{"start":{"line":49,"column":8},"end":{"line":49,"column":1309}},"14":{"start":{"line":50,"column":12},"end":{"line":50,"column":18}},"15":{"start":{"line":56,"column":8},"end":{"line":56,"column":40}},"16":{"start":{"line":57,"column":8},"end":{"line":57,"column":47}},"17":{"start":{"line":58,"column":8},"end":{"line":58,"column":45}},"18":{"start":{"line":60,"column":8},"end":{"line":60,"column":35}},"19":{"start":{"line":63,"column":8},"end":{"line":63,"column":32}},"20":{"start":{"line":64,"column":8},"end":{"line":64,"column":21}}},"branchMap":{"1":{"line":19,"type":"if","locations":[{"start":{"line":19,"column":8},"end":{"line":19,"column":8}},{"start":{"line":19,"column":8},"end":{"line":19,"column":8}}]},"2":{"line":38,"type":"if","locations":[{"start":{"line":38,"column":8},"end":{"line":38,"column":8}},{"start":{"line":38,"column":8},"end":{"line":38,"column":8}}]},"3":{"line":49,"type":"if","locations":[{"start":{"line":49,"column":8},"end":{"line":49,"column":8}},{"start":{"line":49,"column":8},"end":{"line":49,"column":8}}]}}},"contracts/BorToken/token/DividendPayingToken.sol":{"l":{"32":6,"36":14,"38":14,"40":14,"41":14,"43":14,"48":0,"52":174,"53":174,"54":29,"55":29,"56":29,"58":28,"59":0,"60":0,"63":28,"66":145,"70":0,"74":174,"78":0,"82":174,"92":0,"94":0,"95":0,"96":0,"100":38,"102":38,"108":20,"110":20,"116":70,"118":70,"119":38,"120":38,"122":20,"123":20},"path":"/Users/urbn/st/contracts/BorToken/token/DividendPayingToken.sol","s":{"1":6,"2":14,"3":14,"4":14,"5":14,"6":14,"7":0,"8":174,"9":174,"10":29,"11":29,"12":29,"13":28,"14":0,"15":0,"16":28,"17":145,"18":0,"19":174,"20":0,"21":174,"22":0,"23":0,"24":0,"25":0,"26":38,"27":38,"28":20,"29":20,"30":70,"31":70,"32":38,"33":38,"34":32,"35":20,"36":20},"b":{"1":[14,0],"2":[14,0],"3":[29,145],"4":[0,28],"5":[0,0],"6":[38,32],"7":[20,12]},"f":{"1":6,"2":14,"3":0,"4":174,"5":0,"6":174,"7":0,"8":174,"9":0,"10":38,"11":20,"12":70},"fnMap":{"1":{"name":"constructor","line":31,"loc":{"start":{"line":27,"column":4},"end":{"line":33,"column":4}}},"2":{"name":"distributeDividends","line":35,"loc":{"start":{"line":35,"column":4},"end":{"line":45,"column":4}}},"3":{"name":"withdrawDividend","line":47,"loc":{"start":{"line":47,"column":4},"end":{"line":49,"column":4}}},"4":{"name":"_withdrawDividendOfUser","line":51,"loc":{"start":{"line":51,"column":4},"end":{"line":67,"column":4}}},"5":{"name":"dividendOf","line":69,"loc":{"start":{"line":69,"column":4},"end":{"line":71,"column":4}}},"6":{"name":"withdrawableDividendOf","line":73,"loc":{"start":{"line":73,"column":4},"end":{"line":75,"column":4}}},"7":{"name":"withdrawnDividendOf","line":77,"loc":{"start":{"line":77,"column":4},"end":{"line":79,"column":4}}},"8":{"name":"accumulativeDividendOf","line":81,"loc":{"start":{"line":81,"column":4},"end":{"line":85,"column":4}}},"9":{"name":"_transfer","line":87,"loc":{"start":{"line":87,"column":4},"end":{"line":97,"column":4}}},"10":{"name":"_mint","line":99,"loc":{"start":{"line":99,"column":4},"end":{"line":105,"column":4}}},"11":{"name":"_burn","line":107,"loc":{"start":{"line":107,"column":4},"end":{"line":113,"column":4}}},"12":{"name":"_setBalance","line":115,"loc":{"start":{"line":115,"column":4},"end":{"line":125,"column":4}}}},"statementMap":{"1":{"start":{"line":32,"column":8},"end":{"line":32,"column":37}},"2":{"start":{"line":36,"column":8},"end":{"line":36,"column":82}},"3":{"start":{"line":38,"column":8},"end":{"line":38,"column":1115}},"4":{"start":{"line":40,"column":12},"end":{"line":40,"column":105}},"5":{"start":{"line":41,"column":12},"end":{"line":41,"column":57}},"6":{"start":{"line":43,"column":12},"end":{"line":43,"column":73}},"7":{"start":{"line":48,"column":8},"end":{"line":48,"column":51}},"8":{"start":{"line":52,"column":8},"end":{"line":52,"column":68}},"9":{"start":{"line":53,"column":8},"end":{"line":53,"column":1692}},"10":{"start":{"line":54,"column":12},"end":{"line":54,"column":86}},"11":{"start":{"line":55,"column":12},"end":{"line":55,"column":63}},"12":{"start":{"line":56,"column":12},"end":{"line":56,"column":86}},"13":{"start":{"line":58,"column":12},"end":{"line":58,"column":1984}},"14":{"start":{"line":59,"column":16},"end":{"line":59,"column":90}},"15":{"start":{"line":60,"column":16},"end":{"line":60,"column":24}},"16":{"start":{"line":63,"column":12},"end":{"line":63,"column":40}},"17":{"start":{"line":66,"column":8},"end":{"line":66,"column":16}},"18":{"start":{"line":70,"column":8},"end":{"line":70,"column":45}},"19":{"start":{"line":74,"column":8},"end":{"line":74,"column":74}},"20":{"start":{"line":78,"column":8},"end":{"line":78,"column":41}},"21":{"start":{"line":82,"column":8},"end":{"line":82,"column":2773}},"22":{"start":{"line":92,"column":8},"end":{"line":92,"column":21}},"23":{"start":{"line":94,"column":8},"end":{"line":94,"column":73}},"24":{"start":{"line":95,"column":8},"end":{"line":95,"column":95}},"25":{"start":{"line":96,"column":8},"end":{"line":96,"column":91}},"26":{"start":{"line":100,"column":8},"end":{"line":100,"column":34}},"27":{"start":{"line":102,"column":8},"end":{"line":102,"column":3497}},"28":{"start":{"line":108,"column":8},"end":{"line":108,"column":34}},"29":{"start":{"line":110,"column":8},"end":{"line":110,"column":3768}},"30":{"start":{"line":116,"column":8},"end":{"line":116,"column":51}},"31":{"start":{"line":118,"column":8},"end":{"line":118,"column":4013}},"32":{"start":{"line":119,"column":12},"end":{"line":119,"column":60}},"33":{"start":{"line":120,"column":12},"end":{"line":120,"column":37}},"34":{"start":{"line":121,"column":15},"end":{"line":121,"column":4165}},"35":{"start":{"line":122,"column":12},"end":{"line":122,"column":60}},"36":{"start":{"line":123,"column":12},"end":{"line":123,"column":37}}},"branchMap":{"1":{"line":36,"type":"if","locations":[{"start":{"line":36,"column":8},"end":{"line":36,"column":8}},{"start":{"line":36,"column":8},"end":{"line":36,"column":8}}]},"2":{"line":38,"type":"if","locations":[{"start":{"line":38,"column":8},"end":{"line":38,"column":8}},{"start":{"line":38,"column":8},"end":{"line":38,"column":8}}]},"3":{"line":53,"type":"if","locations":[{"start":{"line":53,"column":8},"end":{"line":53,"column":8}},{"start":{"line":53,"column":8},"end":{"line":53,"column":8}}]},"4":{"line":58,"type":"if","locations":[{"start":{"line":58,"column":12},"end":{"line":58,"column":12}},{"start":{"line":58,"column":12},"end":{"line":58,"column":12}}]},"5":{"line":92,"type":"if","locations":[{"start":{"line":92,"column":8},"end":{"line":92,"column":8}},{"start":{"line":92,"column":8},"end":{"line":92,"column":8}}]},"6":{"line":118,"type":"if","locations":[{"start":{"line":118,"column":8},"end":{"line":118,"column":8}},{"start":{"line":118,"column":8},"end":{"line":118,"column":8}}]},"7":{"line":121,"type":"if","locations":[{"start":{"line":121,"column":15},"end":{"line":121,"column":15}},{"start":{"line":121,"column":15},"end":{"line":121,"column":15}}]}}},"contracts/BorToken/token/ERC1363/ERC1363.sol":{"l":{"25":0,"35":0,"50":0,"51":0,"52":0,"67":0,"84":0,"85":0,"86":0,"96":0,"111":0,"112":0,"113":0,"131":0,"132":0,"134":0,"135":0,"151":0,"152":0,"154":0,"155":0},"path":"/Users/urbn/st/contracts/BorToken/token/ERC1363/ERC1363.sol","s":{"1":0,"2":0,"3":0,"4":0,"5":0,"6":0,"7":0,"8":0,"9":0,"10":0,"11":0,"12":0,"13":0,"14":0,"15":0,"16":0,"17":0,"18":0,"19":0,"20":0,"21":0},"b":{"1":[0,0],"2":[0,0],"3":[0,0],"4":[0,0],"5":[0,0]},"f":{"1":0,"2":0,"3":0,"4":0,"5":0,"6":0,"7":0,"8":0,"9":0},"fnMap":{"1":{"name":"supportsInterface","line":24,"loc":{"start":{"line":24,"column":4},"end":{"line":26,"column":4}}},"2":{"name":"transferAndCall","line":34,"loc":{"start":{"line":34,"column":4},"end":{"line":36,"column":4}}},"3":{"name":"transferAndCall","line":45,"loc":{"start":{"line":45,"column":4},"end":{"line":53,"column":4}}},"4":{"name":"transferFromAndCall","line":62,"loc":{"start":{"line":62,"column":4},"end":{"line":68,"column":4}}},"5":{"name":"transferFromAndCall","line":78,"loc":{"start":{"line":78,"column":4},"end":{"line":87,"column":4}}},"6":{"name":"approveAndCall","line":95,"loc":{"start":{"line":95,"column":4},"end":{"line":97,"column":4}}},"7":{"name":"approveAndCall","line":106,"loc":{"start":{"line":106,"column":4},"end":{"line":114,"column":4}}},"8":{"name":"_checkAndCallTransfer","line":125,"loc":{"start":{"line":125,"column":4},"end":{"line":136,"column":4}}},"9":{"name":"_checkAndCallApprove","line":146,"loc":{"start":{"line":146,"column":4},"end":{"line":156,"column":4}}}},"statementMap":{"1":{"start":{"line":25,"column":8},"end":{"line":25,"column":96}},"2":{"start":{"line":35,"column":8},"end":{"line":35,"column":53}},"3":{"start":{"line":50,"column":8},"end":{"line":50,"column":34}},"4":{"start":{"line":51,"column":8},"end":{"line":51,"column":118}},"5":{"start":{"line":52,"column":8},"end":{"line":52,"column":19}},"6":{"start":{"line":67,"column":8},"end":{"line":67,"column":65}},"7":{"start":{"line":84,"column":8},"end":{"line":84,"column":46}},"8":{"start":{"line":85,"column":8},"end":{"line":85,"column":112}},"9":{"start":{"line":86,"column":8},"end":{"line":86,"column":19}},"10":{"start":{"line":96,"column":8},"end":{"line":96,"column":50}},"11":{"start":{"line":111,"column":8},"end":{"line":111,"column":31}},"12":{"start":{"line":112,"column":8},"end":{"line":112,"column":100}},"13":{"start":{"line":113,"column":8},"end":{"line":113,"column":19}},"14":{"start":{"line":131,"column":8},"end":{"line":131,"column":5206}},"15":{"start":{"line":132,"column":12},"end":{"line":132,"column":24}},"16":{"start":{"line":134,"column":8},"end":{"line":134,"column":106}},"17":{"start":{"line":135,"column":8},"end":{"line":135,"column":82}},"18":{"start":{"line":151,"column":8},"end":{"line":151,"column":6074}},"19":{"start":{"line":152,"column":12},"end":{"line":152,"column":24}},"20":{"start":{"line":154,"column":8},"end":{"line":154,"column":95}},"21":{"start":{"line":155,"column":8},"end":{"line":155,"column":79}}},"branchMap":{"1":{"line":51,"type":"if","locations":[{"start":{"line":51,"column":8},"end":{"line":51,"column":8}},{"start":{"line":51,"column":8},"end":{"line":51,"column":8}}]},"2":{"line":85,"type":"if","locations":[{"start":{"line":85,"column":8},"end":{"line":85,"column":8}},{"start":{"line":85,"column":8},"end":{"line":85,"column":8}}]},"3":{"line":112,"type":"if","locations":[{"start":{"line":112,"column":8},"end":{"line":112,"column":8}},{"start":{"line":112,"column":8},"end":{"line":112,"column":8}}]},"4":{"line":131,"type":"if","locations":[{"start":{"line":131,"column":8},"end":{"line":131,"column":8}},{"start":{"line":131,"column":8},"end":{"line":131,"column":8}}]},"5":{"line":151,"type":"if","locations":[{"start":{"line":151,"column":8},"end":{"line":151,"column":8}},{"start":{"line":151,"column":8},"end":{"line":151,"column":8}}]}}},"contracts/BorToken/token/ERC1363/IERC1363.sol":{"l":{},"path":"/Users/urbn/st/contracts/BorToken/token/ERC1363/IERC1363.sol","s":{},"b":{},"f":{},"fnMap":{},"statementMap":{},"branchMap":{}},"contracts/BorToken/token/ERC1363/IERC1363Receiver.sol":{"l":{},"path":"/Users/urbn/st/contracts/BorToken/token/ERC1363/IERC1363Receiver.sol","s":{},"b":{},"f":{},"fnMap":{},"statementMap":{},"branchMap":{}},"contracts/BorToken/token/ERC1363/IERC1363Spender.sol":{"l":{},"path":"/Users/urbn/st/contracts/BorToken/token/ERC1363/IERC1363Spender.sol","s":{},"b":{},"f":{},"fnMap":{},"statementMap":{},"branchMap":{}},"contracts/BorToken/token/ERC20.sol":{"l":{"53":12,"54":12,"61":0,"69":0,"86":0,"93":29,"100":1194,"112":35,"113":35,"120":3,"131":7,"132":7,"153":130,"155":130,"156":130,"157":130,"158":130,"161":129,"177":0,"178":0,"196":0,"197":0,"198":0,"199":0,"202":0,"224":212,"225":212,"227":212,"229":212,"230":212,"231":212,"232":212,"234":212,"236":212,"238":212,"251":44,"253":44,"255":44,"256":44,"257":44,"259":44,"274":20,"276":20,"278":20,"279":20,"280":20,"281":20,"283":20,"285":20,"287":20,"308":207,"309":207,"311":207,"312":207},"path":"/Users/urbn/st/contracts/BorToken/token/ERC20.sol","s":{"1":12,"2":12,"3":0,"4":0,"5":0,"6":29,"7":1194,"8":35,"9":35,"10":3,"11":7,"12":7,"13":130,"14":130,"15":130,"16":130,"17":129,"18":0,"19":0,"20":0,"21":0,"22":0,"23":0,"24":212,"25":212,"26":212,"27":212,"28":212,"29":212,"30":212,"31":212,"32":212,"33":44,"34":44,"35":44,"36":44,"37":44,"38":44,"39":20,"40":20,"41":20,"42":20,"43":20,"44":20,"45":20,"46":20,"47":207,"48":207,"49":207,"50":207},"b":{"1":[130,0],"2":[0,0],"3":[212,0],"4":[212,0],"5":[212,0],"6":[44,0],"7":[20,0],"8":[20,0],"9":[207,0],"10":[207,0]},"f":{"1":12,"2":0,"3":0,"4":0,"5":29,"6":1194,"7":35,"8":3,"9":7,"10":130,"11":0,"12":0,"13":212,"14":44,"15":20,"16":207,"17":276,"18":276},"fnMap":{"1":{"name":"constructor","line":52,"loc":{"start":{"line":52,"column":4},"end":{"line":55,"column":4}}},"2":{"name":"name","line":60,"loc":{"start":{"line":60,"column":4},"end":{"line":62,"column":4}}},"3":{"name":"symbol","line":68,"loc":{"start":{"line":68,"column":4},"end":{"line":70,"column":4}}},"4":{"name":"decimals","line":85,"loc":{"start":{"line":85,"column":4},"end":{"line":87,"column":4}}},"5":{"name":"totalSupply","line":92,"loc":{"start":{"line":92,"column":4},"end":{"line":94,"column":4}}},"6":{"name":"balanceOf","line":99,"loc":{"start":{"line":99,"column":4},"end":{"line":101,"column":4}}},"7":{"name":"transfer","line":111,"loc":{"start":{"line":111,"column":4},"end":{"line":114,"column":4}}},"8":{"name":"allowance","line":119,"loc":{"start":{"line":119,"column":4},"end":{"line":121,"column":4}}},"9":{"name":"approve","line":130,"loc":{"start":{"line":130,"column":4},"end":{"line":133,"column":4}}},"10":{"name":"transferFrom","line":148,"loc":{"start":{"line":148,"column":4},"end":{"line":162,"column":4}}},"11":{"name":"increaseAllowance","line":176,"loc":{"start":{"line":176,"column":4},"end":{"line":179,"column":4}}},"12":{"name":"decreaseAllowance","line":195,"loc":{"start":{"line":195,"column":4},"end":{"line":203,"column":4}}},"13":{"name":"_transfer","line":219,"loc":{"start":{"line":219,"column":4},"end":{"line":239,"column":4}}},"14":{"name":"_mint","line":250,"loc":{"start":{"line":250,"column":4},"end":{"line":260,"column":4}}},"15":{"name":"_burn","line":273,"loc":{"start":{"line":273,"column":4},"end":{"line":288,"column":4}}},"16":{"name":"_approve","line":303,"loc":{"start":{"line":303,"column":4},"end":{"line":313,"column":4}}},"17":{"name":"_beforeTokenTransfer","line":329,"loc":{"start":{"line":329,"column":4},"end":{"line":333,"column":24}}},"18":{"name":"_afterTokenTransfer","line":349,"loc":{"start":{"line":349,"column":4},"end":{"line":353,"column":24}}}},"statementMap":{"1":{"start":{"line":53,"column":8},"end":{"line":53,"column":20}},"2":{"start":{"line":54,"column":8},"end":{"line":54,"column":24}},"3":{"start":{"line":61,"column":8},"end":{"line":61,"column":20}},"4":{"start":{"line":69,"column":8},"end":{"line":69,"column":22}},"5":{"start":{"line":86,"column":8},"end":{"line":86,"column":17}},"6":{"start":{"line":93,"column":8},"end":{"line":93,"column":27}},"7":{"start":{"line":100,"column":8},"end":{"line":100,"column":33}},"8":{"start":{"line":112,"column":8},"end":{"line":112,"column":49}},"9":{"start":{"line":113,"column":8},"end":{"line":113,"column":19}},"10":{"start":{"line":120,"column":8},"end":{"line":120,"column":42}},"11":{"start":{"line":131,"column":8},"end":{"line":131,"column":46}},"12":{"start":{"line":132,"column":8},"end":{"line":132,"column":19}},"13":{"start":{"line":153,"column":8},"end":{"line":153,"column":43}},"14":{"start":{"line":155,"column":8},"end":{"line":155,"column":68}},"15":{"start":{"line":156,"column":8},"end":{"line":156,"column":86}},"16":{"start":{"line":158,"column":12},"end":{"line":158,"column":68}},"17":{"start":{"line":161,"column":8},"end":{"line":161,"column":19}},"18":{"start":{"line":177,"column":8},"end":{"line":177,"column":87}},"19":{"start":{"line":178,"column":8},"end":{"line":178,"column":19}},"20":{"start":{"line":196,"column":8},"end":{"line":196,"column":69}},"21":{"start":{"line":197,"column":8},"end":{"line":197,"column":92}},"22":{"start":{"line":199,"column":12},"end":{"line":199,"column":78}},"23":{"start":{"line":202,"column":8},"end":{"line":202,"column":19}},"24":{"start":{"line":224,"column":8},"end":{"line":224,"column":77}},"25":{"start":{"line":225,"column":8},"end":{"line":225,"column":78}},"26":{"start":{"line":227,"column":8},"end":{"line":227,"column":54}},"27":{"start":{"line":229,"column":8},"end":{"line":229,"column":49}},"28":{"start":{"line":230,"column":8},"end":{"line":230,"column":81}},"29":{"start":{"line":232,"column":12},"end":{"line":232,"column":53}},"30":{"start":{"line":234,"column":8},"end":{"line":234,"column":37}},"31":{"start":{"line":236,"column":8},"end":{"line":236,"column":48}},"32":{"start":{"line":238,"column":8},"end":{"line":238,"column":53}},"33":{"start":{"line":251,"column":8},"end":{"line":251,"column":72}},"34":{"start":{"line":253,"column":8},"end":{"line":253,"column":56}},"35":{"start":{"line":255,"column":8},"end":{"line":255,"column":29}},"36":{"start":{"line":256,"column":8},"end":{"line":256,"column":35}},"37":{"start":{"line":257,"column":8},"end":{"line":257,"column":50}},"38":{"start":{"line":259,"column":8},"end":{"line":259,"column":55}},"39":{"start":{"line":274,"column":8},"end":{"line":274,"column":74}},"40":{"start":{"line":276,"column":8},"end":{"line":276,"column":56}},"41":{"start":{"line":278,"column":8},"end":{"line":278,"column":51}},"42":{"start":{"line":279,"column":8},"end":{"line":279,"column":78}},"43":{"start":{"line":281,"column":12},"end":{"line":281,"column":55}},"44":{"start":{"line":283,"column":8},"end":{"line":283,"column":29}},"45":{"start":{"line":285,"column":8},"end":{"line":285,"column":50}},"46":{"start":{"line":287,"column":8},"end":{"line":287,"column":55}},"47":{"start":{"line":308,"column":8},"end":{"line":308,"column":75}},"48":{"start":{"line":309,"column":8},"end":{"line":309,"column":75}},"49":{"start":{"line":311,"column":8},"end":{"line":311,"column":43}},"50":{"start":{"line":312,"column":8},"end":{"line":312,"column":45}}},"branchMap":{"1":{"line":156,"type":"if","locations":[{"start":{"line":156,"column":8},"end":{"line":156,"column":8}},{"start":{"line":156,"column":8},"end":{"line":156,"column":8}}]},"2":{"line":197,"type":"if","locations":[{"start":{"line":197,"column":8},"end":{"line":197,"column":8}},{"start":{"line":197,"column":8},"end":{"line":197,"column":8}}]},"3":{"line":224,"type":"if","locations":[{"start":{"line":224,"column":8},"end":{"line":224,"column":8}},{"start":{"line":224,"column":8},"end":{"line":224,"column":8}}]},"4":{"line":225,"type":"if","locations":[{"start":{"line":225,"column":8},"end":{"line":225,"column":8}},{"start":{"line":225,"column":8},"end":{"line":225,"column":8}}]},"5":{"line":230,"type":"if","locations":[{"start":{"line":230,"column":8},"end":{"line":230,"column":8}},{"start":{"line":230,"column":8},"end":{"line":230,"column":8}}]},"6":{"line":251,"type":"if","locations":[{"start":{"line":251,"column":8},"end":{"line":251,"column":8}},{"start":{"line":251,"column":8},"end":{"line":251,"column":8}}]},"7":{"line":274,"type":"if","locations":[{"start":{"line":274,"column":8},"end":{"line":274,"column":8}},{"start":{"line":274,"column":8},"end":{"line":274,"column":8}}]},"8":{"line":279,"type":"if","locations":[{"start":{"line":279,"column":8},"end":{"line":279,"column":8}},{"start":{"line":279,"column":8},"end":{"line":279,"column":8}}]},"9":{"line":308,"type":"if","locations":[{"start":{"line":308,"column":8},"end":{"line":308,"column":8}},{"start":{"line":308,"column":8},"end":{"line":308,"column":8}}]},"10":{"line":309,"type":"if","locations":[{"start":{"line":309,"column":8},"end":{"line":309,"column":8}},{"start":{"line":309,"column":8},"end":{"line":309,"column":8}}]}}},"contracts/BorToken/token/ERC2612/ERC2612.sol":{"l":{"23":6,"24":6,"27":6,"42":0,"49":6,"61":0,"62":0,"74":0,"75":0,"76":0,"89":0,"91":0,"93":0,"106":0,"107":0,"108":0,"118":0,"119":0,"120":0,"127":0},"path":"/Users/urbn/st/contracts/BorToken/token/ERC2612/ERC2612.sol","s":{"1":6,"2":6,"3":0,"4":6,"5":0,"6":0,"7":0,"8":0,"9":0,"10":0,"11":0,"12":0,"13":0,"14":0,"15":0,"16":0,"17":0,"18":0,"19":0},"b":{"1":[0,0],"2":[0,0]},"f":{"1":6,"2":0,"3":6,"4":0,"5":0,"6":0,"7":0,"8":0,"9":0},"fnMap":{"1":{"name":"constructor","line":22,"loc":{"start":{"line":22,"column":4},"end":{"line":36,"column":4}}},"2":{"name":"supportsInterface","line":41,"loc":{"start":{"line":41,"column":4},"end":{"line":43,"column":4}}},"3":{"name":"version","line":48,"loc":{"start":{"line":48,"column":4},"end":{"line":50,"column":4}}},"4":{"name":"permit","line":52,"loc":{"start":{"line":52,"column":4},"end":{"line":63,"column":4}}},"5":{"name":"transferWithPermit","line":65,"loc":{"start":{"line":65,"column":4},"end":{"line":77,"column":4}}},"6":{"name":"verifyPermit","line":79,"loc":{"start":{"line":79,"column":4},"end":{"line":97,"column":4}}},"7":{"name":"verifyEIP712","line":99,"loc":{"start":{"line":99,"column":4},"end":{"line":109,"column":4}}},"8":{"name":"verifyPersonalSign","line":111,"loc":{"start":{"line":111,"column":4},"end":{"line":121,"column":4}}},"9":{"name":"prefixed","line":126,"loc":{"start":{"line":126,"column":4},"end":{"line":128,"column":4}}}},"statementMap":{"1":{"start":{"line":23,"column":8},"end":{"line":23,"column":23}},"2":{"start":{"line":27,"column":8},"end":{"line":27,"column":954}},"3":{"start":{"line":42,"column":8},"end":{"line":42,"column":96}},"4":{"start":{"line":49,"column":8},"end":{"line":49,"column":18}},"5":{"start":{"line":61,"column":8},"end":{"line":61,"column":78}},"6":{"start":{"line":62,"column":8},"end":{"line":62,"column":38}},"7":{"start":{"line":74,"column":8},"end":{"line":74,"column":75}},"8":{"start":{"line":75,"column":8},"end":{"line":75,"column":34}},"9":{"start":{"line":76,"column":8},"end":{"line":76,"column":19}},"10":{"start":{"line":89,"column":8},"end":{"line":89,"column":74}},"11":{"start":{"line":91,"column":8},"end":{"line":91,"column":105}},"12":{"start":{"line":93,"column":8},"end":{"line":93,"column":2867}},"13":{"start":{"line":106,"column":8},"end":{"line":106,"column":92}},"14":{"start":{"line":107,"column":8},"end":{"line":107,"column":49}},"15":{"start":{"line":108,"column":8},"end":{"line":108,"column":56}},"16":{"start":{"line":118,"column":8},"end":{"line":118,"column":43}},"17":{"start":{"line":119,"column":8},"end":{"line":119,"column":49}},"18":{"start":{"line":120,"column":8},"end":{"line":120,"column":56}},"19":{"start":{"line":127,"column":8},"end":{"line":127,"column":84}}},"branchMap":{"1":{"line":89,"type":"if","locations":[{"start":{"line":89,"column":8},"end":{"line":89,"column":8}},{"start":{"line":89,"column":8},"end":{"line":89,"column":8}}]},"2":{"line":93,"type":"if","locations":[{"start":{"line":93,"column":8},"end":{"line":93,"column":8}},{"start":{"line":93,"column":8},"end":{"line":93,"column":8}}]}}},"contracts/BorToken/token/ERC2612/IERC2612.sol":{"l":{},"path":"/Users/urbn/st/contracts/BorToken/token/ERC2612/IERC2612.sol","s":{},"b":{},"f":{},"fnMap":{},"statementMap":{},"branchMap":{}},"contracts/BorToken/token/extensions/ERC20Burnable.sol":{"l":{"19":0,"33":0,"34":0,"35":0,"36":0},"path":"/Users/urbn/st/contracts/BorToken/token/extensions/ERC20Burnable.sol","s":{"1":0,"2":0,"3":0,"4":0,"5":0},"b":{"1":[0,0]},"f":{"1":0,"2":0},"fnMap":{"1":{"name":"burn","line":18,"loc":{"start":{"line":18,"column":4},"end":{"line":20,"column":4}}},"2":{"name":"burnFrom","line":32,"loc":{"start":{"line":32,"column":4},"end":{"line":37,"column":4}}}},"statementMap":{"1":{"start":{"line":19,"column":8},"end":{"line":19,"column":34}},"2":{"start":{"line":33,"column":8},"end":{"line":33,"column":67}},"3":{"start":{"line":34,"column":8},"end":{"line":34,"column":82}},"4":{"start":{"line":35,"column":8},"end":{"line":35,"column":65}},"5":{"start":{"line":36,"column":8},"end":{"line":36,"column":29}}},"branchMap":{"1":{"line":34,"type":"if","locations":[{"start":{"line":34,"column":8},"end":{"line":34,"column":8}},{"start":{"line":34,"column":8},"end":{"line":34,"column":8}}]}}},"contracts/BorToken/token/extensions/ERC20TokenRecover.sol":{"l":{"24":0,"32":0,"33":0},"path":"/Users/urbn/st/contracts/BorToken/token/extensions/ERC20TokenRecover.sol","s":{"1":0,"2":0,"3":0},"b":{"1":[0,0]},"f":{"1":0,"2":0},"fnMap":{"1":{"name":"recoverERC20","line":23,"loc":{"start":{"line":23,"column":4},"end":{"line":25,"column":4}}},"2":{"name":"recoverETH","line":31,"loc":{"start":{"line":31,"column":4},"end":{"line":34,"column":4}}}},"statementMap":{"1":{"start":{"line":24,"column":8},"end":{"line":24,"column":62}},"2":{"start":{"line":32,"column":8},"end":{"line":32,"column":55}},"3":{"start":{"line":33,"column":8},"end":{"line":33,"column":63}}},"branchMap":{"1":{"line":33,"type":"if","locations":[{"start":{"line":33,"column":8},"end":{"line":33,"column":8}},{"start":{"line":33,"column":8},"end":{"line":33,"column":8}}]}}},"contracts/BorToken/token/interfaces/IBEP20.sol":{"l":{},"path":"/Users/urbn/st/contracts/BorToken/token/interfaces/IBEP20.sol","s":{},"b":{},"f":{},"fnMap":{},"statementMap":{},"branchMap":{}},"contracts/BorToken/token/interfaces/IDividendPayingTokenInterface.sol":{"l":{},"path":"/Users/urbn/st/contracts/BorToken/token/interfaces/IDividendPayingTokenInterface.sol","s":{},"b":{},"f":{},"fnMap":{},"statementMap":{},"branchMap":{}},"contracts/BorToken/token/interfaces/IDividendPayingTokenOptionalInterface.sol":{"l":{},"path":"/Users/urbn/st/contracts/BorToken/token/interfaces/IDividendPayingTokenOptionalInterface.sol","s":{},"b":{},"f":{},"fnMap":{},"statementMap":{},"branchMap":{}},"contracts/BorToken/token/interfaces/IERC20Burnable.sol":{"l":{},"path":"/Users/urbn/st/contracts/BorToken/token/interfaces/IERC20Burnable.sol","s":{},"b":{},"f":{},"fnMap":{},"statementMap":{},"branchMap":{}},"contracts/BorToken/token/interfaces/IERC20TokenRecover.sol":{"l":{},"path":"/Users/urbn/st/contracts/BorToken/token/interfaces/IERC20TokenRecover.sol","s":{},"b":{},"f":{},"fnMap":{},"statementMap":{},"branchMap":{}},"contracts/Farm/borFarm.sol":{"l":{"40":0,"41":0,"46":0,"48":0,"49":0,"50":0,"53":0,"54":0,"55":0,"56":0,"57":0,"62":0,"63":0,"64":0,"65":0,"66":0,"67":0,"68":0,"69":0,"71":0,"76":0,"77":0,"78":0,"83":0,"84":0,"85":0,"86":0,"88":0,"89":0,"90":0,"92":0,"93":0,"95":0,"96":0,"97":0,"98":0,"104":0,"105":0,"106":0,"107":0,"112":0,"113":0,"117":0,"118":0,"123":0,"125":0,"127":0,"128":0,"129":0,"131":0,"132":0,"133":0},"path":"/Users/urbn/st/contracts/Farm/borFarm.sol","s":{"1":0,"2":0,"3":0,"4":0,"5":0,"6":0,"7":0,"8":0,"9":0,"10":0,"11":0,"12":0,"13":0,"14":0,"15":0,"16":0,"17":0,"18":0,"19":0,"20":0,"21":0,"22":0,"23":0,"24":0,"25":0,"26":0,"27":0,"28":0,"29":0,"30":0,"31":0,"32":0,"33":0,"34":0,"35":0,"36":0,"37":0,"38":0,"39":0,"40":0,"41":0,"42":0,"43":0,"44":0,"45":0,"46":0,"47":0,"48":0,"49":0,"50":0,"51":0,"52":0},"b":{"1":[0,0],"2":[0,0],"3":[0,0],"4":[0,0],"5":[0,0],"6":[0,0]},"f":{"1":0,"2":0,"3":0,"4":0,"5":0,"6":0,"7":0,"8":0,"9":0},"fnMap":{"1":{"name":"constructor","line":39,"loc":{"start":{"line":39,"column":4},"end":{"line":42,"column":4}}},"2":{"name":"stake","line":45,"loc":{"start":{"line":45,"column":4},"end":{"line":58,"column":4}}},"3":{"name":"unstake","line":61,"loc":{"start":{"line":61,"column":4},"end":{"line":72,"column":4}}},"4":{"name":"getTotalTime","line":75,"loc":{"start":{"line":75,"column":4},"end":{"line":79,"column":4}}},"5":{"name":"getTotalRewards","line":82,"loc":{"start":{"line":82,"column":4},"end":{"line":101,"column":4}}},"6":{"name":"setRewardRate","line":103,"loc":{"start":{"line":103,"column":4},"end":{"line":108,"column":4}}},"7":{"name":"setTresuary","line":111,"loc":{"start":{"line":111,"column":4},"end":{"line":114,"column":4}}},"8":{"name":"setRewardWallet","line":116,"loc":{"start":{"line":116,"column":4},"end":{"line":119,"column":4}}},"9":{"name":"withdrawRewards","line":122,"loc":{"start":{"line":122,"column":4},"end":{"line":134,"column":4}}}},"statementMap":{"1":{"start":{"line":40,"column":8},"end":{"line":40,"column":25}},"2":{"start":{"line":41,"column":8},"end":{"line":41,"column":35}},"3":{"start":{"line":46,"column":8},"end":{"line":46,"column":96}},"4":{"start":{"line":48,"column":8},"end":{"line":48,"column":1434}},"5":{"start":{"line":49,"column":12},"end":{"line":49,"column":60}},"6":{"start":{"line":50,"column":12},"end":{"line":50,"column":48}},"7":{"start":{"line":53,"column
[...]
"end":{"line":855,"column":8}}]},"21":{"line":889,"type":"if","locations":[{"start":{"line":889,"column":8},"end":{"line":889,"column":8}},{"start":{"line":889,"column":8},"end":{"line":889,"column":8}}]},"22":{"line":898,"type":"if","locations":[{"start":{"line":898,"column":8},"end":{"line":898,"column":8}},{"start":{"line":898,"column":8},"end":{"line":898,"column":8}}]},"23":{"line":899,"type":"if","locations":[{"start":{"line":899,"column":8},"end":{"line":899,"column":8}},{"start":{"line":899,"column":8},"end":{"line":899,"column":8}}]},"24":{"line":901,"type":"if","locations":[{"start":{"line":901,"column":8},"end":{"line":901,"column":8}},{"start":{"line":901,"column":8},"end":{"line":901,"column":8}}]},"25":{"line":907,"type":"if","locations":[{"start":{"line":907,"column":8},"end":{"line":907,"column":8}},{"start":{"line":907,"column":8},"end":{"line":907,"column":8}}]},"26":{"line":923,"type":"if","locations":[{"start":{"line":923,"column":8},"end":{"line":923,"column":8}},{"start":{"line":923,"column":8},"end":{"line":923,"column":8}}]},"27":{"line":925,"type":"if","locations":[{"start":{"line":925,"column":12},"end":{"line":925,"column":12}},{"start":{"line":925,"column":12},"end":{"line":925,"column":12}}]},"28":{"line":928,"type":"if","locations":[{"start":{"line":928,"column":19},"end":{"line":928,"column":19}},{"start":{"line":928,"column":19},"end":{"line":928,"column":19}}]},"29":{"line":942,"type":"if","locations":[{"start":{"line":942,"column":8},"end":{"line":942,"column":8}},{"start":{"line":942,"column":8},"end":{"line":942,"column":8}}]},"30":{"line":956,"type":"if","locations":[{"start":{"line":956,"column":12},"end":{"line":956,"column":12}},{"start":{"line":956,"column":12},"end":{"line":956,"column":12}}]},"31":{"line":960,"type":"if","locations":[{"start":{"line":960,"column":12},"end":{"line":960,"column":12}},{"start":{"line":960,"column":12},"end":{"line":960,"column":12}}]},"32":{"line":964,"type":"if","locations":[{"start":{"line":964,"column":12},"end":{"line":964,"column":12}},{"start":{"line":964,"column":12},"end":{"line":964,"column":12}}]}}},"contracts/Stake/BorStakingFixedAPY.sol":{"l":{"40":3,"41":3,"46":3,"48":3,"49":1,"50":1,"53":3,"54":3,"55":3,"56":3,"57":3,"62":2,"63":2,"64":2,"65":2,"66":2,"67":2,"68":2,"69":1,"71":2,"76":3,"77":3,"78":3,"83":5,"84":2,"85":2,"86":2,"88":2,"89":2,"90":2,"92":2,"93":2,"95":3,"96":3,"97":3,"98":3,"104":1,"105":1,"106":1,"107":1,"112":1,"113":1,"117":1,"118":1,"122":1,"127":2,"129":2,"131":2,"132":2,"133":2,"135":2,"136":2,"137":2},"path":"/Users/urbn/st/contracts/Stake/BorStakingFixedAPY.sol","s":{"1":3,"2":3,"3":3,"4":3,"5":1,"6":1,"7":3,"8":3,"9":3,"10":3,"11":3,"12":2,"13":2,"14":2,"15":2,"16":2,"17":2,"18":2,"19":1,"20":2,"21":3,"22":3,"23":3,"24":5,"25":2,"26":2,"27":2,"28":2,"29":2,"30":2,"31":2,"32":2,"33":3,"34":3,"35":3,"36":3,"37":1,"38":1,"39":1,"40":1,"41":1,"42":1,"43":1,"44":1,"45":1,"46":2,"47":2,"48":2,"49":2,"50":2,"51":2,"52":2,"53":2},"b":{"1":[3,0],"2":[1,2],"3":[2,0],"4":[1,1],"5":[2,3],"6":[2,0]},"f":{"1":3,"2":3,"3":2,"4":3,"5":5,"6":1,"7":1,"8":1,"9":1,"10":2},"fnMap":{"1":{"name":"constructor","line":39,"loc":{"start":{"line":39,"column":4},"end":{"line":42,"column":4}}},"2":{"name":"stake","line":45,"loc":{"start":{"line":45,"column":4},"end":{"line":58,"column":4}}},"3":{"name":"unstake","line":61,"loc":{"start":{"line":61,"column":4},"end":{"line":72,"column":4}}},"4":{"name":"getTotalTime","line":75,"loc":{"start":{"line":75,"column":4},"end":{"line":79,"column":4}}},"5":{"name":"getTotalRewards","line":82,"loc":{"start":{"line":82,"column":4},"end":{"line":101,"column":4}}},"6":{"name":"setRewardRate","line":103,"loc":{"start":{"line":103,"column":4},"end":{"line":108,"column":4}}},"7":{"name":"setTresuary","line":111,"loc":{"start":{"line":111,"column":4},"end":{"line":114,"column":4}}},"8":{"name":"setRewardWallet","line":116,"loc":{"start":{"line":116,"column":4},"end":{"line":119,"column":4}}},"9":{"name":"getRewardRate","line":121,"loc":{"start":{"line":121,"column":4},"end":{"line":123,"column":4}}},"10":{"name":"withdrawRewards","line":126,"loc":{"start":{"line":126,"column":4},"end":{"line":138,"column":4}}}},"statementMap":{"1":{"start":{"line":40,"column":8},"end":{"line":40,"column":17}},"2":{"start":{"line":41,"column":8},"end":{"line":41,"column":35}},"3":{"start":{"line":46,"column":8},"end":{"line":46,"column":93}},"4":{"start":{"line":48,"column":8},"end":{"line":48,"column":1395}},"5":{"start":{"line":49,"column":12},"end":{"line":49,"column":60}},"6":{"start":{"line":50,"column":12},"end":{"line":50,"column":48}},"7":{"start":{"line":53,"column":8},"end":{"line":53,"column":43}},"8":{"start":{"line":54,"column":8},"end":{"line":54,"column":43}},"9":{"start":{"line":55,"column":8},"end":{"line":55,"column":46}},"10":{"start":{"line":56,"column":8},"end":{"line":56,"column":35}},"11":{"start":{"line":57,"column":8},"end":{"line":57,"column":38}},"12":{"start":{"line":62,"column":8},"end":{"line":62,"column":106}},"13":{"start":{"line":63,"column":8},"end":{"line":63,"column":53}},"14":{"start":{"line":64,"column":8},"end":{"line":64,"column":46}},"15":{"start":{"line":65,"column":8},"end":{"line":65,"column":43}},"16":{"start":{"line":66,"column":8},"end":{"line":66,"column":44}},"17":{"start":{"line":67,"column":8},"end":{"line":67,"column":41}},"18":{"start":{"line":68,"column":8},"end":{"line":68,"column":2185}},"19":{"start":{"line":69,"column":12},"end":{"line":69,"column":40}},"20":{"start":{"line":71,"column":8},"end":{"line":71,"column":40}},"21":{"start":{"line":76,"column":8},"end":{"line":76,"column":40}},"22":{"start":{"line":77,"column":8},"end":{"line":77,"column":52}},"23":{"start":{"line":78,"column":8},"end":{"line":78,"column":24}},"24":{"start":{"line":83,"column":8},"end":{"line":83,"column":2607}},"25":{"start":{"line":84,"column":11},"end":{"line":84,"column":66}},"26":{"start":{"line":85,"column":11},"end":{"line":85,"column":61}},"27":{"start":{"line":86,"column":11},"end":{"line":86,"column":77}},"28":{"start":{"line":88,"column":11},"end":{"line":88,"column":66}},"29":{"start":{"line":89,"column":11},"end":{"line":89,"column":58}},"30":{"start":{"line":90,"column":11},"end":{"line":90,"column":77}},"31":{"start":{"line":92,"column":11},"end":{"line":92,"column":61}},"32":{"start":{"line":93,"column":11},"end":{"line":93,"column":30}},"33":{"start":{"line":95,"column":12},"end":{"line":95,"column":54}},"34":{"start":{"line":96,"column":12},"end":{"line":96,"column":48}},"35":{"start":{"line":97,"column":12},"end":{"line":97,"column":77}},"36":{"start":{"line":98,"column":12},"end":{"line":98,"column":31}},"37":{"start":{"line":104,"column":8},"end":{"line":104,"column":55}},"38":{"start":{"line":105,"column":8},"end":{"line":105,"column":46}},"39":{"start":{"line":106,"column":8},"end":{"line":106,"column":33}},"40":{"start":{"line":107,"column":8},"end":{"line":107,"column":31}},"41":{"start":{"line":112,"column":8},"end":{"line":112,"column":49}},"42":{"start":{"line":113,"column":8},"end":{"line":113,"column":27}},"43":{"start":{"line":117,"column":8},"end":{"line":117,"column":61}},"44":{"start":{"line":118,"column":8},"end":{"line":118,"column":35}},"45":{"start":{"line":122,"column":8},"end":{"line":122,"column":25}},"46":{"start":{"line":127,"column":8},"end":{"line":127,"column":56}},"47":{"start":{"line":129,"column":8},"end":{"line":129,"column":93}},"48":{"start":{"line":131,"column":8},"end":{"line":131,"column":52}},"49":{"start":{"line":132,"column":8},"end":{"line":132,"column":34}},"50":{"start":{"line":133,"column":8},"end":{"line":133,"column":31}},"51":{"start":{"line":135,"column":8},"end":{"line":135,"column":46}},"52":{"start":{"line":136,"column":8},"end":{"line":136,"column":52}},"53":{"start":{"line":137,"column":8},"end":{"line":137,"column":54}}},"branchMap":{"1":{"line":46,"type":"if","locations":[{"start":{"line":46,"column":8},"end":{"line":46,"column":8}},{"start":{"line":46,"column":8},"end":{"line":46,"column":8}}]},"2":{"line":48,"type":"if","locations":[{"start":{"line":48,"column":8},"end":{"line":48,"column":8}},{"start":{"line":48,"column":8},"end":{"line":48,"column":8}}]},"3":{"line":62,"type":"if","locations":[{"start":{"line":62,"column":8},"end":{"line":62,"column":8}},{"start":{"line":62,"column":8},"end":{"line":62,"column":8}}]},"4":{"line":68,"type":"if","locations":[{"start":{"line":68,"column":8},"end":{"line":68,"column":8}},{"start":{"line":68,"column":8},"end":{"line":68,"column":8}}]},"5":{"line":83,"type":"if","locations":[{"start":{"line":83,"column":8},"end":{"line":83,"column":8}},{"start":{"line":83,"column":8},"end":{"line":83,"column":8}}]},"6":{"line":129,"type":"if","locations":[{"start":{"line":129,"column":8},"end":{"line":129,"column":8}},{"start":{"line":129,"column":8},"end":{"line":129,"column":8}}]}}},"contracts/Stake/IRewardWallet.sol":{"l":{},"path":"/Users/urbn/st/contracts/Stake/IRewardWallet.sol","s":{},"b":{},"f":{},"fnMap":{},"statementMap":{},"branchMap":{}},"contracts/Stake/ITresuary.sol":{"l":{},"path":"/Users/urbn/st/contracts/Stake/ITresuary.sol","s":{},"b":{},"f":{},"fnMap":{},"statementMap":{},"branchMap":{}},"contracts/Stake/RewardWallet.sol":{"l":{"18":3,"19":3,"21":3,"25":1,"26":1,"27":1,"29":1,"33":2,"34":2,"35":2,"37":2,"41":1},"path":"/Users/urbn/st/contracts/Stake/RewardWallet.sol","s":{"1":3,"2":3,"3":3,"4":1,"5":1,"6":1,"7":1,"8":2,"9":2,"10":2,"11":2,"12":1},"b":{"1":[1,0],"2":[2,0]},"f":{"1":3,"2":1,"3":2,"4":1},"fnMap":{"1":{"name":"constructor","line":17,"loc":{"start":{"line":17,"column":3},"end":{"line":22,"column":3}}},"2":{"name":"deposit","line":24,"loc":{"start":{"line":24,"column":3},"end":{"line":30,"column":3}}},"3":{"name":"transfer","line":32,"loc":{"start":{"line":32,"column":3},"end":{"line":38,"column":3}}},"4":{"name":"getTotalDeposited","line":40,"loc":{"start":{"line":40,"column":3},"end":{"line":42,"column":3}}}},"statementMap":{"1":{"start":{"line":18,"column":6},"end":{"line":18,"column":28}},"2":{"start":{"line":19,"column":6},"end":{"line":19,"column":23}},"3":{"start":{"line":21,"column":6},"end":{"line":21,"column":40}},"4":{"start":{"line":25,"column":6},"end":{"line":25,"column":95}},"5":{"start":{"line":26,"column":6},"end":{"line":26,"column":29}},"6":{"start":{"line":27,"column":6},"end":{"line":27,"column":60}},"7":{"start":{"line":29,"column":6},"end":{"line":29,"column":38}},"8":{"start":{"line":33,"column":6},"end":{"line":33,"column":60}},"9":{"start":{"line":34,"column":6},"end":{"line":34,"column":29}},"10":{"start":{"line":35,"column":6},"end":{"line":35,"column":38}},"11":{"start":{"line":37,"column":6},"end":{"line":37,"column":38}},"12":{"start":{"line":41,"column":6},"end":{"line":41,"column":27}}},"branchMap":{"1":{"line":25,"type":"if","locations":[{"start":{"line":25,"column":6},"end":{"line":25,"column":6}},{"start":{"line":25,"column":6},"end":{"line":25,"column":6}}]},"2":{"line":33,"type":"if","locations":[{"start":{"line":33,"column":6},"end":{"line":33,"column":6}},{"start":{"line":33,"column":6},"end":{"line":33,"column":6}}]}}},"contracts/Stake/Tresuary..sol":{"l":{"67":0,"68":0,"72":3,"73":3,"74":3,"75":3,"76":3,"77":3,"81":3,"82":3,"83":3,"84":3,"85":3,"87":3,"88":3,"89":3,"90":3,"91":1,"95":1,"96":0,"97":0,"101":3,"102":3,"103":3,"113":0,"114":0,"125":0,"126":0,"127":0,"129":0,"130":0,"132":0,"133":0,"134":0,"138":0,"143":0,"144":0,"148":0,"149":0,"153":2,"154":2,"155":2,"156":2,"157":2,"159":2,"160":2,"161":2,"165":2,"166":2,"167":0,"168":0,"173":2,"174":2,"175":2,"185":5,"187":5,"188":5,"192":5,"193":5,"196":0,"198":0,"201":0,"214":0,"215":0,"217":0,"218":0,"219":0,"221":0,"222":0},"path":"/Users/urbn/st/contracts/Stake/Tresuary..sol","s":{"1":0,"2":3,"3":3,"4":3,"5":3,"6":3,"7":3,"8":3,"9":3,"10":3,"11":3,"12":3,"13":3,"14":3,"15":3,"16":3,"17":1,"18":1,"19":0,"20":0,"21":3,"22":3,"23":3,"24":0,"25":0,"26":0,"27":0,"28":0,"29":0,"30":0,"31":0,"32":0,"33":0,"34":0,"35":0,"36":0,"37":0,"38":0,"39":2,"40":2,"41":2,"42":2,"43":2,"44":2,"45":2,"46":2,"47":2,"48":2,"49":0,"50":0,"51":2,"52":2,"53":2,"54":5,"55":5,"56":5,"57":5,"58":5,"59":0,"60":0,"61":0,"62":0,"63":0,"64":0,"65":0,"66":0,"67":0,"68":0},"b":{"1":[0,0],"2":[3,0],"3":[1,2],"4":[0,1],"5":[0,0],"6":[2,0],"7":[2,0],"8":[0,2],"9":[5,0],"10":[0,0]},"f":{"1":0,"2":3,"3":3,"4":0,"5":0,"6":0,"7":0,"8":2,"9":5,"10":0},"fnMap":{"1":{"name":"onlyOwnerOrDeployer","line":66,"loc":{"start":{"line":66,"column":4},"end":{"line":69,"column":4}}},"2":{"name":"constructor","line":71,"loc":{"start":{"line":71,"column":4},"end":{"line":78,"column":4}}},"3":{"name":"deposit","line":80,"loc":{"start":{"line":80,"column":4},"end":{"line":104,"column":4}}},"4":{"name":"getUserInfo","line":112,"loc":{"start":{"line":112,"column":4},"end":{"line":115,"column":4}}},"5":{"name":"pendingReward","line":123,"loc":{"start":{"line":123,"column":4},"end":{"line":140,"column":4}}},"6":{"name":"updateStakingContract","line":142,"loc":{"start":{"line":142,"column":4},"end":{"line":145,"column":4}}},"7":{"name":"updateStakingToken","line":147,"loc":{"start":{"line":147,"column":4},"end":{"line":150,"column":4}}},"8":{"name":"withdraw","line":152,"loc":{"start":{"line":152,"column":4},"end":{"line":176,"column":4}}},"9":{"name":"updateReward","line":182,"loc":{"start":{"line":182,"column":4},"end":{"line":202,"column":4}}},"10":{"name":"safeTokenTransfer","line":210,"loc":{"start":{"line":210,"column":4},"end":{"line":224,"column":4}}}},"statementMap":{"1":{"start":{"line":67,"column":8},"end":{"line":67,"column":115}},"2":{"start":{"line":72,"column":8},"end":{"line":72,"column":30}},"3":{"start":{"line":73,"column":8},"end":{"line":73,"column":41}},"4":{"start":{"line":74,"column":8},"end":{"line":74,"column":17}},"5":{"start":{"line":75,"column":8},"end":{"line":75,"column":17}},"6":{"start":{"line":76,"column":8},"end":{"line":76,"column":44}},"7":{"start":{"line":77,"column":8},"end":{"line":77,"column":42}},"8":{"start":{"line":81,"column":8},"end":{"line":81,"column":89}},"9":{"start":{"line":82,"column":8},"end":{"line":82,"column":48}},"10":{"start":{"line":83,"column":8},"end":{"line":83,"column":45}},"11":{"start":{"line":84,"column":8},"end":{"line":84,"column":52}},"12":{"start":{"line":85,"column":8},"end":{"line":85,"column":31}},"13":{"start":{"line":87,"column":8},"end":{"line":87,"column":21}},"14":{"start":{"line":88,"column":8},"end":{"line":88,"column":53}},"15":{"start":{"line":89,"column":8},"end":{"line":89,"column":94}},"16":{"start":{"line":90,"column":8},"end":{"line":90,"column":3226}},"17":{"start":{"line":91,"column":12},"end":{"line":91,"column":3299}},"18":{"start":{"line":95,"column":12},"end":{"line":95,"column":3453}},"19":{"start":{"line":96,"column":16},"end":{"line":96,"column":50}},"20":{"start":{"line":97,"column":16},"end":{"line":97,"column":50}},"21":{"start":{"line":101,"column":8},"end":{"line":101,"column":58}},"22":{"start":{"line":102,"column":8},"end":{"line":102,"column":54}},"23":{"start":{"line":103,"column":8},"end":{"line":103,"column":36}},"24":{"start":{"line":113,"column":8},"end":{"line":113,"column":47}},"25":{"start":{"line":114,"column":8},"end":{"line":114,"column":45}},"26":{"start":{"line":125,"column":8},"end":{"line":125,"column":47}},"27":{"start":{"line":126,"column":8},"end":{"line":126,"column":46}},"28":{"start":{"line":127,"column":8},"end":{"line":127,"column":59}},"29":{"start":{"line":129,"column":8},"end":{"line":129,"column":65}},"30":{"start":{"line":130,"column":8},"end":{"line":130,"column":51}},"31":{"start":{"line":132,"column":8},"end":{"line":132,"column":4692}},"32":{"start":{"line":133,"column":12},"end":{"line":133,"column":74}},"33":{"start":{"line":134,"column":12},"end":{"line":134,"column":4845}},"34":{"start":{"line":138,"column":8},"end":{"line":138,"column":5112}},"35":{"start":{"line":143,"column":8},"end":{"line":143,"column":70}},"36":{"start":{"line":144,"column":8},"end":{"line":144,"column":41}},"37":{"start":{"line":148,"column":8},"end":{"line":148,"column":43}},"38":{"start":{"line":149,"column":8},"end":{"line":149,"column":17}},"39":{"start":{"line":153,"column":8},"end":{"line":153,"column":48}},"40":{"start":{"line":154,"column":8},"end":{"line":154,"column":45}},"41":{"start":{"line":155,"column":8},"end":{"line":155,"column":63}},"42":{"start":{"line":156,"column":8},"end":{"line":156,"column":52}},"43":{"start":{"line":157,"column":8},"end":{"line":157,"column":31}},"44":{"start":{"line":159,"column":8},"end":{"line":159,"column":5831}},"45":{"start":{"line":160,"column":12},"end":{"line":160,"column":25}},"46":{"start":{"line":161,"column":12},"end":{"line":161,"column":5932}},"47":{"start":{"line":165,"column":12},"end":{"line":165,"column":98}},"48":{"start":{"line":166,"column":12},"end":{"line":166,"column":6190}},"49":{"start":{"line":167,"column":16},"end":{"line":167,"column":50}},"50":{"start":{"line":168,"column":16},"end":{"line":168,"column":50}},"51":{"start":{"line":173,"column":8},"end":{"line":173,"column":58}},"52":{"start":{"line":174,"column":8},"end":{"line":174,"column":35}},"53":{"start":{"line":175,"column":8},"end":{"line":175,"column":39}},"54":{"start":{"line":185,"column":8},"end":{"line":185,"column":46}},"55":{"start":{"line":187,"column":8},"end":{"line":187,"column":65}},"56":{"start":{"line":188,"column":8},"end":{"line":188,"column":51}},"57":{"start":{"line":192,"column":8},"end":{"line":192,"column":6884}},"58":{"start":{"line":193,"column":12},"end":{"line":193,"column":18}},"59":{"start":{"line":196,"column":8},"end":{"line":196,"column":70}},"60":{"start":{"line":198,"column":8},"end":{"line":198,"column":7057}},"61":{"start":{"line":201,"column":8},"end":{"line":201,"column":41}},"62":{"start":{"line":214,"column":8},"end":{"line":214,"column":65}},"63":{"start":{"line":215,"column":8},"end":{"line":215,"column":51}},"64":{"start":{"line":217,"column":8},"end":{"line":217,"column":7729}},"65":{"start":{"line":218,"column":12},"end":{"line":218,"column":68}},"66":{"start":{"line":219,"column":12},"end":{"line":219,"column":44}},"67":{"start":{"line":221,"column":12},"end":{"line":221,"column":61}},"68":{"start":{"line":222,"column":12},"end":{"line":222,"column":37}}},"branchMap":{"1":{"line":67,"type":"if","locations":[{"start":{"line":67,"column":8},"end":{"line":67,"column":8}},{"start":{"line":67,"column":8},"end":{"line":67,"column":8}}]},"2":{"line":81,"type":"if","locations":[{"start":{"line":81,"column":8},"end":{"line":81,"column":8}},{"start":{"line":81,"column":8},"end":{"line":81,"column":8}}]},"3":{"line":90,"type":"if","locations":[{"start":{"line":90,"column":8},"end":{"line":90,"column":8}},{"start":{"line":90,"column":8},"end":{"line":90,"column":8}}]},"4":{"line":95,"type":"if","locations":[{"start":{"line":95,"column":12},"end":{"line":95,"column":12}},{"start":{"line":95,"column":12},"end":{"line":95,"column":12}}]},"5":{"line":132,"type":"if","locations":[{"start":{"line":132,"column":8},"end":{"line":132,"column":8}},{"start":{"line":132,"column":8},"end":{"line":132,"column":8}}]},"6":{"line":155,"type":"if","locations":[{"start":{"line":155,"column":8},"end":{"line":155,"column":8}},{"start":{"line":155,"column":8},"end":{"line":155,"column":8}}]},"7":{"line":159,"type":"if","locations":[{"start":{"line":159,"column":8},"end":{"line":159,"column":8}},{"start":{"line":159,"column":8},"end":{"line":159,"column":8}}]},"8":{"line":166,"type":"if","locations":[{"start":{"line":166,"column":12},"end":{"line":166,"column":12}},{"start":{"line":166,"column":12},"end":{"line":166,"column":12}}]},"9":{"line":192,"type":"if","locations":[{"start":{"line":192,"column":8},"end":{"line":192,"column":8}},{"start":{"line":192,"column":8},"end":{"line":192,"column":8}}]},"10":{"line":217,"type":"if","locations":[{"start":{"line":217,"column":8},"end":{"line":217,"column":8}},{"start":{"line":217,"column":8},"end":{"line":217,"column":8}}]}}}}